[20-Apr-2019 05:33:14 UTC] PHP Fatal error:  Uncaught exception 'PDOException' with message 'SQLSTATE[HY000] [1045] Access denied for user 'hello57748'@'localhost' (using password: NO)' in /home/ubuntu/workspace/CST336/Lab7/Lab7/dashboard/login.php:47
Stack trace:
#0 /home/ubuntu/workspace/CST336/Lab7/Lab7/dashboard/login.php(47): PDO->__construct('mysql:host=loca...', 'hello57748', '')
#1 {main}
  thrown in /home/ubuntu/workspace/CST336/Lab7/Lab7/dashboard/login.php on line 47
[20-Apr-2019 05:33:16 UTC] PHP Fatal error:  Uncaught exception 'PDOException' with message 'SQLSTATE[HY000] [1045] Access denied for user 'hello57748'@'localhost' (using password: NO)' in /home/ubuntu/workspace/CST336/Lab7/Lab7/dashboard/login.php:47
Stack trace:
#0 /home/ubuntu/workspace/CST336/Lab7/Lab7/dashboard/login.php(47): PDO->__construct('mysql:host=loca...', 'hello57748', '')
#1 {main}
  thrown in /home/ubuntu/workspace/CST336/Lab7/Lab7/dashboard/login.php on line 47
[20-Apr-2019 05:33:18 UTC] PHP Fatal error:  Uncaught exception 'PDOException' with message 'SQLSTATE[HY000] [1045] Access denied for user 'hello57748'@'localhost' (using password: NO)' in /home/ubuntu/workspace/CST336/Lab7/Lab7/dashboard/login.php:47
Stack trace:
#0 /home/ubuntu/workspace/CST336/Lab7/Lab7/dashboard/login.php(47): PDO->__construct('mysql:host=loca...', 'hello57748', '')
#1 {main}
  thrown in /home/ubuntu/workspace/CST336/Lab7/Lab7/dashboard/login.php on line 47
[20-Apr-2019 05:33:18 UTC] PHP Fatal error:  Uncaught exception 'PDOException' with message 'SQLSTATE[HY000] [1045] Access denied for user 'hello57748'@'localhost' (using password: NO)' in /home/ubuntu/workspace/CST336/Lab7/Lab7/dashboard/login.php:47
Stack trace:
#0 /home/ubuntu/workspace/CST336/Lab7/Lab7/dashboard/login.php(47): PDO->__construct('mysql:host=loca...', 'hello57748', '')
#1 {main}
  thrown in /home/ubuntu/workspace/CST336/Lab7/Lab7/dashboard/login.php on line 47
[20-Apr-2019 05:33:19 UTC] PHP Fatal error:  Uncaught exception 'PDOException' with message 'SQLSTATE[HY000] [1045] Access denied for user 'hello57748'@'localhost' (using password: NO)' in /home/ubuntu/workspace/CST336/Lab7/Lab7/dashboard/login.php:47
Stack trace:
#0 /home/ubuntu/workspace/CST336/Lab7/Lab7/dashboard/login.php(47): PDO->__construct('mysql:host=loca...', 'hello57748', '')
#1 {main}
  thrown in /home/ubuntu/workspace/CST336/Lab7/Lab7/dashboard/login.php on line 47
[20-Apr-2019 05:33:30 UTC] PHP Fatal error:  Uncaught exception 'PDOException' with message 'SQLSTATE[HY000] [1045] Access denied for user 'hello57748'@'localhost' (using password: NO)' in /home/ubuntu/workspace/CST336/Lab7/Lab7/dashboard/login.php:47
Stack trace:
#0 /home/ubuntu/workspace/CST336/Lab7/Lab7/dashboard/login.php(47): PDO->__construct('mysql:host=loca...', 'hello57748', '')
#1 {main}
  thrown in /home/ubuntu/workspace/CST336/Lab7/Lab7/dashboard/login.php on line 47
[20-Apr-2019 05:33:36 UTC] PHP Fatal error:  Uncaught exception 'PDOException' with message 'SQLSTATE[HY000] [1045] Access denied for user 'hello57748'@'localhost' (using password: NO)' in /home/ubuntu/workspace/CST336/Lab7/Lab7/dashboard/login.php:47
Stack trace:
#0 /home/ubuntu/workspace/CST336/Lab7/Lab7/dashboard/login.php(47): PDO->__construct('mysql:host=loca...', 'hello57748', '')
#1 {main}
  thrown in /home/ubuntu/workspace/CST336/Lab7/Lab7/dashboard/login.php on line 47
[20-Apr-2019 05:33:36 UTC] PHP Fatal error:  Uncaught exception 'PDOException' with message 'SQLSTATE[HY000] [1045] Access denied for user 'hello57748'@'localhost' (using password: NO)' in /home/ubuntu/workspace/CST336/Lab7/Lab7/dashboard/login.php:47
Stack trace:
#0 /home/ubuntu/workspace/CST336/Lab7/Lab7/dashboard/login.php(47): PDO->__construct('mysql:host=loca...', 'hello57748', '')
#1 {main}
  thrown in /home/ubuntu/workspace/CST336/Lab7/Lab7/dashboard/login.php on line 47
[20-Apr-2019 05:33:37 UTC] PHP Fatal error:  Uncaught exception 'PDOException' with message 'SQLSTATE[HY000] [1045] Access denied for user 'hello57748'@'localhost' (using password: NO)' in /home/ubuntu/workspace/CST336/Lab7/Lab7/dashboard/login.php:47
Stack trace:
#0 /home/ubuntu/workspace/CST336/Lab7/Lab7/dashboard/login.php(47): PDO->__construct('mysql:host=loca...', 'hello57748', '')
#1 {main}
  thrown in /home/ubuntu/workspace/CST336/Lab7/Lab7/dashboard/login.php on line 47
[20-Apr-2019 05:33:37 UTC] PHP Fatal error:  Uncaught exception 'PDOException' with message 'SQLSTATE[HY000] [1045] Access denied for user 'hello57748'@'localhost' (using password: NO)' in /home/ubuntu/workspace/CST336/Lab7/Lab7/dashboard/login.php:47
Stack trace:
#0 /home/ubuntu/workspace/CST336/Lab7/Lab7/dashboard/login.php(47): PDO->__construct('mysql:host=loca...', 'hello57748', '')
#1 {main}
  thrown in /home/ubuntu/workspace/CST336/Lab7/Lab7/dashboard/login.php on line 47
[20-Apr-2019 05:34:39 UTC] PHP Fatal error:  Uncaught exception 'PDOException' with message 'SQLSTATE[42S02]: Base table or view not found: 1146 Table 'ottermart.user' doesn't exist' in /home/ubuntu/workspace/CST336/Lab7/Lab7/dashboard/login.php:54
Stack trace:
#0 /home/ubuntu/workspace/CST336/Lab7/Lab7/dashboard/login.php(54): PDOStatement->execute(Array)
#1 {main}
  thrown in /home/ubuntu/workspace/CST336/Lab7/Lab7/dashboard/login.php on line 54
[20-Apr-2019 05:34:46 UTC] PHP Fatal error:  Uncaught exception 'PDOException' with message 'SQLSTATE[42S02]: Base table or view not found: 1146 Table 'ottermart.user' doesn't exist' in /home/ubuntu/workspace/CST336/Lab7/Lab7/dashboard/login.php:54
Stack trace:
#0 /home/ubuntu/workspace/CST336/Lab7/Lab7/dashboard/login.php(54): PDOStatement->execute(Array)
#1 {main}
  thrown in /home/ubuntu/workspace/CST336/Lab7/Lab7/dashboard/login.php on line 54
[20-Apr-2019 05:34:49 UTC] PHP Fatal error:  Uncaught exception 'PDOException' with message 'SQLSTATE[42S02]: Base table or view not found: 1146 Table 'ottermart.user' doesn't exist' in /home/ubuntu/workspace/CST336/Lab7/Lab7/dashboard/login.php:54
Stack trace:
#0 /home/ubuntu/workspace/CST336/Lab7/Lab7/dashboard/login.php(54): PDOStatement->execute(Array)
#1 {main}
  thrown in /home/ubuntu/workspace/CST336/Lab7/Lab7/dashboard/login.php on line 54
[20-Apr-2019 05:34:49 UTC] PHP Fatal error:  Uncaught exception 'PDOException' with message 'SQLSTATE[42S02]: Base table or view not found: 1146 Table 'ottermart.user' doesn't exist' in /home/ubuntu/workspace/CST336/Lab7/Lab7/dashboard/login.php:54
Stack trace:
#0 /home/ubuntu/workspace/CST336/Lab7/Lab7/dashboard/login.php(54): PDOStatement->execute(Array)
#1 {main}
  thrown in /home/ubuntu/workspace/CST336/Lab7/Lab7/dashboard/login.php on line 54
[20-Apr-2019 05:34:49 UTC] PHP Fatal error:  Uncaught exception 'PDOException' with message 'SQLSTATE[42S02]: Base table or view not found: 1146 Table 'ottermart.user' doesn't exist' in /home/ubuntu/workspace/CST336/Lab7/Lab7/dashboard/login.php:54
Stack trace:
#0 /home/ubuntu/workspace/CST336/Lab7/Lab7/dashboard/login.php(54): PDOStatement->execute(Array)
#1 {main}
  thrown in /home/ubuntu/workspace/CST336/Lab7/Lab7/dashboard/login.php on line 54
[20-Apr-2019 05:34:50 UTC] PHP Fatal error:  Uncaught exception 'PDOException' with message 'SQLSTATE[42S02]: Base table or view not found: 1146 Table 'ottermart.user' doesn't exist' in /home/ubuntu/workspace/CST336/Lab7/Lab7/dashboard/login.php:54
Stack trace:
#0 /home/ubuntu/workspace/CST336/Lab7/Lab7/dashboard/login.php(54): PDOStatement->execute(Array)
#1 {main}
  thrown in /home/ubuntu/workspace/CST336/Lab7/Lab7/dashboard/login.php on line 54
[20-Apr-2019 05:34:50 UTC] PHP Fatal error:  Uncaught exception 'PDOException' with message 'SQLSTATE[42S02]: Base table or view not found: 1146 Table 'ottermart.user' doesn't exist' in /home/ubuntu/workspace/CST336/Lab7/Lab7/dashboard/login.php:54
Stack trace:
#0 /home/ubuntu/workspace/CST336/Lab7/Lab7/dashboard/login.php(54): PDOStatement->execute(Array)
#1 {main}
  thrown in /home/ubuntu/workspace/CST336/Lab7/Lab7/dashboard/login.php on line 54
[20-Apr-2019 05:36:00 UTC] PHP Fatal error:  Uncaught exception 'PDOException' with message 'SQLSTATE[HY000] [1044] Access denied for user 'bb48ad32ca15de'@'%' to database 'ottermart'' in /home/ubuntu/workspace/CST336/Lab7/Lab7/dashboard/login.php:47
Stack trace:
#0 /home/ubuntu/workspace/CST336/Lab7/Lab7/dashboard/login.php(47): PDO->__construct('mysql:host=us-c...', 'bb48ad32ca15de', '112ccc55')
#1 {main}
  thrown in /home/ubuntu/workspace/CST336/Lab7/Lab7/dashboard/login.php on line 47
[20-Apr-2019 05:36:01 UTC] PHP Fatal error:  Uncaught exception 'PDOException' with message 'SQLSTATE[HY000] [1044] Access denied for user 'bb48ad32ca15de'@'%' to database 'ottermart'' in /home/ubuntu/workspace/CST336/Lab7/Lab7/dashboard/login.php:47
Stack trace:
#0 /home/ubuntu/workspace/CST336/Lab7/Lab7/dashboard/login.php(47): PDO->__construct('mysql:host=us-c...', 'bb48ad32ca15de', '112ccc55')
#1 {main}
  thrown in /home/ubuntu/workspace/CST336/Lab7/Lab7/dashboard/login.php on line 47
[20-Apr-2019 05:36:02 UTC] PHP Fatal error:  Uncaught exception 'PDOException' with message 'SQLSTATE[HY000] [1044] Access denied for user 'bb48ad32ca15de'@'%' to database 'ottermart'' in /home/ubuntu/workspace/CST336/Lab7/Lab7/dashboard/login.php:47
Stack trace:
#0 /home/ubuntu/workspace/CST336/Lab7/Lab7/dashboard/login.php(47): PDO->__construct('mysql:host=us-c...', 'bb48ad32ca15de', '112ccc55')
#1 {main}
  thrown in /home/ubuntu/workspace/CST336/Lab7/Lab7/dashboard/login.php on line 47
[20-Apr-2019 05:36:02 UTC] PHP Fatal error:  Uncaught exception 'PDOException' with message 'SQLSTATE[HY000] [1044] Access denied for user 'bb48ad32ca15de'@'%' to database 'ottermart'' in /home/ubuntu/workspace/CST336/Lab7/Lab7/dashboard/login.php:47
Stack trace:
#0 /home/ubuntu/workspace/CST336/Lab7/Lab7/dashboard/login.php(47): PDO->__construct('mysql:host=us-c...', 'bb48ad32ca15de', '112ccc55')
#1 {main}
  thrown in /home/ubuntu/workspace/CST336/Lab7/Lab7/dashboard/login.php on line 47
[20-Apr-2019 05:36:11 UTC] PHP Fatal error:  Uncaught exception 'PDOException' with message 'SQLSTATE[HY000] [1044] Access denied for user 'bb48ad32ca15de'@'%' to database 'ottermart'' in /home/ubuntu/workspace/CST336/Lab7/Lab7/dashboard/login.php:47
Stack trace:
#0 /home/ubuntu/workspace/CST336/Lab7/Lab7/dashboard/login.php(47): PDO->__construct('mysql:host=us-c...', 'bb48ad32ca15de', '112ccc55')
#1 {main}
  thrown in /home/ubuntu/workspace/CST336/Lab7/Lab7/dashboard/login.php on line 47
[20-Apr-2019 05:36:12 UTC] PHP Fatal error:  Uncaught exception 'PDOException' with message 'SQLSTATE[HY000] [1044] Access denied for user 'bb48ad32ca15de'@'%' to database 'ottermart'' in /home/ubuntu/workspace/CST336/Lab7/Lab7/dashboard/login.php:47
Stack trace:
#0 /home/ubuntu/workspace/CST336/Lab7/Lab7/dashboard/login.php(47): PDO->__construct('mysql:host=us-c...', 'bb48ad32ca15de', '112ccc55')
#1 {main}
  thrown in /home/ubuntu/workspace/CST336/Lab7/Lab7/dashboard/login.php on line 47
[20-Apr-2019 05:36:16 UTC] PHP Fatal error:  Uncaught exception 'PDOException' with message 'SQLSTATE[HY000] [1044] Access denied for user 'bb48ad32ca15de'@'%' to database 'ottermart'' in /home/ubuntu/workspace/CST336/Lab7/Lab7/dashboard/login.php:47
Stack trace:
#0 /home/ubuntu/workspace/CST336/Lab7/Lab7/dashboard/login.php(47): PDO->__construct('mysql:host=us-c...', 'bb48ad32ca15de', '112ccc55')
#1 {main}
  thrown in /home/ubuntu/workspace/CST336/Lab7/Lab7/dashboard/login.php on line 47
[20-Apr-2019 05:43:19 UTC] PHP Fatal error:  Uncaught exception 'PDOException' with message 'SQLSTATE[42S02]: Base table or view not found: 1146 Table 'ottermart.user' doesn't exist' in /home/ubuntu/workspace/CST336/Lab7/Lab7/dashboard/login.php:54
Stack trace:
#0 /home/ubuntu/workspace/CST336/Lab7/Lab7/dashboard/login.php(54): PDOStatement->execute(Array)
#1 {main}
  thrown in /home/ubuntu/workspace/CST336/Lab7/Lab7/dashboard/login.php on line 54
[20-Apr-2019 05:44:29 UTC] PHP Fatal error:  Uncaught exception 'PDOException' with message 'SQLSTATE[42S22]: Column not found: 1054 Unknown column 'username' in 'where clause'' in /home/ubuntu/workspace/CST336/Lab7/Lab7/dashboard/login.php:44
Stack trace:
#0 /home/ubuntu/workspace/CST336/Lab7/Lab7/dashboard/login.php(44): PDOStatement->execute(Array)
#1 {main}
  thrown in /home/ubuntu/workspace/CST336/Lab7/Lab7/dashboard/login.php on line 44
[20-Apr-2019 06:23:59 UTC] PHP Parse error:  syntax error, unexpected '$dbConn' (T_VARIABLE) in /home/ubuntu/workspace/CST336/Lab7/Lab7/dashboard/login.php on line 49
[20-Apr-2019 06:24:01 UTC] PHP Parse error:  syntax error, unexpected '$dbConn' (T_VARIABLE) in /home/ubuntu/workspace/CST336/Lab7/Lab7/dashboard/login.php on line 49
[20-Apr-2019 06:24:01 UTC] PHP Parse error:  syntax error, unexpected '$dbConn' (T_VARIABLE) in /home/ubuntu/workspace/CST336/Lab7/Lab7/dashboard/login.php on line 49
[20-Apr-2019 06:24:08 UTC] PHP Parse error:  syntax error, unexpected '$dbConn' (T_VARIABLE) in /home/ubuntu/workspace/CST336/Lab7/Lab7/dashboard/login.php on line 49
[20-Apr-2019 06:24:08 UTC] PHP Parse error:  syntax error, unexpected '$dbConn' (T_VARIABLE) in /home/ubuntu/workspace/CST336/Lab7/Lab7/dashboard/login.php on line 49
[20-Apr-2019 06:24:59 UTC] PHP Fatal error:  Uncaught exception 'PDOException' with message 'SQLSTATE[42S02]: Base table or view not found: 1146 Table 'heroku_107660fec7f6777.user' doesn't exist' in /home/ubuntu/workspace/CST336/Lab7/Lab7/dashboard/login.php:56
Stack trace:
#0 /home/ubuntu/workspace/CST336/Lab7/Lab7/dashboard/login.php(56): PDOStatement->execute(Array)
#1 {main}
  thrown in /home/ubuntu/workspace/CST336/Lab7/Lab7/dashboard/login.php on line 56
[20-Apr-2019 06:34:43 UTC] PHP Parse error:  syntax error, unexpected '<' in /home/ubuntu/workspace/CST336/Lab7/Lab7/dashboard/login.php on line 61
[20-Apr-2019 06:34:47 UTC] PHP Parse error:  syntax error, unexpected '<' in /home/ubuntu/workspace/CST336/Lab7/Lab7/dashboard/login.php on line 61
[20-Apr-2019 06:34:52 UTC] PHP Parse error:  syntax error, unexpected '<' in /home/ubuntu/workspace/CST336/Lab7/Lab7/dashboard/login.php on line 61
[20-Apr-2019 06:34:54 UTC] PHP Parse error:  syntax error, unexpected '<' in /home/ubuntu/workspace/CST336/Lab7/Lab7/dashboard/login.php on line 61
[20-Apr-2019 06:34:55 UTC] PHP Parse error:  syntax error, unexpected '<' in /home/ubuntu/workspace/CST336/Lab7/Lab7/dashboard/login.php on line 61
[20-Apr-2019 06:34:55 UTC] PHP Parse error:  syntax error, unexpected '<' in /home/ubuntu/workspace/CST336/Lab7/Lab7/dashboard/login.php on line 61
