[27-Mar-2019 17:25:10 UTC] PHP Fatal error:  Call to undefined function PDO() in /home/ubuntu/workspace/CST336/CLASSWRK/OtterMart/dbConnection.php on line 8
[27-Mar-2019 17:25:10 UTC] PHP Stack trace:
[27-Mar-2019 17:25:10 UTC] PHP   1. {main}() /home/ubuntu/workspace/CST336/CLASSWRK/OtterMart/api/getCategories.php:0
[27-Mar-2019 17:25:10 UTC] PHP   2. getDataBaseConnection() /home/ubuntu/workspace/CST336/CLASSWRK/OtterMart/api/getCategories.php:5
[27-Mar-2019 17:25:16 UTC] PHP Fatal error:  Call to undefined function PDO() in /home/ubuntu/workspace/CST336/CLASSWRK/OtterMart/dbConnection.php on line 8
[27-Mar-2019 17:25:16 UTC] PHP Stack trace:
[27-Mar-2019 17:25:16 UTC] PHP   1. {main}() /home/ubuntu/workspace/CST336/CLASSWRK/OtterMart/api/getSearchResults.php:0
[27-Mar-2019 17:25:16 UTC] PHP   2. getDataBaseConnection() /home/ubuntu/workspace/CST336/CLASSWRK/OtterMart/api/getSearchResults.php:3
[27-Mar-2019 17:25:17 UTC] PHP Fatal error:  Call to undefined function PDO() in /home/ubuntu/workspace/CST336/CLASSWRK/OtterMart/dbConnection.php on line 8
[27-Mar-2019 17:25:17 UTC] PHP Stack trace:
[27-Mar-2019 17:25:17 UTC] PHP   1. {main}() /home/ubuntu/workspace/CST336/CLASSWRK/OtterMart/api/getSearchResults.php:0
[27-Mar-2019 17:25:17 UTC] PHP   2. getDataBaseConnection() /home/ubuntu/workspace/CST336/CLASSWRK/OtterMart/api/getSearchResults.php:3
[27-Mar-2019 17:25:18 UTC] PHP Fatal error:  Call to undefined function PDO() in /home/ubuntu/workspace/CST336/CLASSWRK/OtterMart/dbConnection.php on line 8
[27-Mar-2019 17:25:18 UTC] PHP Stack trace:
[27-Mar-2019 17:25:18 UTC] PHP   1. {main}() /home/ubuntu/workspace/CST336/CLASSWRK/OtterMart/api/getSearchResults.php:0
[27-Mar-2019 17:25:18 UTC] PHP   2. getDataBaseConnection() /home/ubuntu/workspace/CST336/CLASSWRK/OtterMart/api/getSearchResults.php:3
[27-Mar-2019 17:25:18 UTC] PHP Fatal error:  Call to undefined function PDO() in /home/ubuntu/workspace/CST336/CLASSWRK/OtterMart/dbConnection.php on line 8
[27-Mar-2019 17:25:18 UTC] PHP Stack trace:
[27-Mar-2019 17:25:18 UTC] PHP   1. {main}() /home/ubuntu/workspace/CST336/CLASSWRK/OtterMart/api/getSearchResults.php:0
[27-Mar-2019 17:25:18 UTC] PHP   2. getDataBaseConnection() /home/ubuntu/workspace/CST336/CLASSWRK/OtterMart/api/getSearchResults.php:3
[27-Mar-2019 17:25:19 UTC] PHP Fatal error:  Call to undefined function PDO() in /home/ubuntu/workspace/CST336/CLASSWRK/OtterMart/dbConnection.php on line 8
[27-Mar-2019 17:25:19 UTC] PHP Stack trace:
[27-Mar-2019 17:25:19 UTC] PHP   1. {main}() /home/ubuntu/workspace/CST336/CLASSWRK/OtterMart/api/getSearchResults.php:0
[27-Mar-2019 17:25:19 UTC] PHP   2. getDataBaseConnection() /home/ubuntu/workspace/CST336/CLASSWRK/OtterMart/api/getSearchResults.php:3
[27-Mar-2019 17:25:19 UTC] PHP Fatal error:  Call to undefined function PDO() in /home/ubuntu/workspace/CST336/CLASSWRK/OtterMart/dbConnection.php on line 8
[27-Mar-2019 17:25:19 UTC] PHP Stack trace:
[27-Mar-2019 17:25:19 UTC] PHP   1. {main}() /home/ubuntu/workspace/CST336/CLASSWRK/OtterMart/api/getSearchResults.php:0
[27-Mar-2019 17:25:19 UTC] PHP   2. getDataBaseConnection() /home/ubuntu/workspace/CST336/CLASSWRK/OtterMart/api/getSearchResults.php:3
[27-Mar-2019 17:25:19 UTC] PHP Fatal error:  Call to undefined function PDO() in /home/ubuntu/workspace/CST336/CLASSWRK/OtterMart/dbConnection.php on line 8
[27-Mar-2019 17:25:19 UTC] PHP Stack trace:
[27-Mar-2019 17:25:19 UTC] PHP   1. {main}() /home/ubuntu/workspace/CST336/CLASSWRK/OtterMart/api/getSearchResults.php:0
[27-Mar-2019 17:25:19 UTC] PHP   2. getDataBaseConnection() /home/ubuntu/workspace/CST336/CLASSWRK/OtterMart/api/getSearchResults.php:3
[27-Mar-2019 17:25:19 UTC] PHP Fatal error:  Call to undefined function PDO() in /home/ubuntu/workspace/CST336/CLASSWRK/OtterMart/dbConnection.php on line 8
[27-Mar-2019 17:25:19 UTC] PHP Stack trace:
[27-Mar-2019 17:25:19 UTC] PHP   1. {main}() /home/ubuntu/workspace/CST336/CLASSWRK/OtterMart/api/getSearchResults.php:0
[27-Mar-2019 17:25:19 UTC] PHP   2. getDataBaseConnection() /home/ubuntu/workspace/CST336/CLASSWRK/OtterMart/api/getSearchResults.php:3
[27-Mar-2019 17:25:21 UTC] PHP Fatal error:  Call to undefined function PDO() in /home/ubuntu/workspace/CST336/CLASSWRK/OtterMart/dbConnection.php on line 8
[27-Mar-2019 17:25:21 UTC] PHP Stack trace:
[27-Mar-2019 17:25:21 UTC] PHP   1. {main}() /home/ubuntu/workspace/CST336/CLASSWRK/OtterMart/api/getSearchResults.php:0
[27-Mar-2019 17:25:21 UTC] PHP   2. getDataBaseConnection() /home/ubuntu/workspace/CST336/CLASSWRK/OtterMart/api/getSearchResults.php:3
[27-Mar-2019 17:25:21 UTC] PHP Fatal error:  Call to undefined function PDO() in /home/ubuntu/workspace/CST336/CLASSWRK/OtterMart/dbConnection.php on line 8
[27-Mar-2019 17:25:21 UTC] PHP Stack trace:
[27-Mar-2019 17:25:21 UTC] PHP   1. {main}() /home/ubuntu/workspace/CST336/CLASSWRK/OtterMart/api/getSearchResults.php:0
[27-Mar-2019 17:25:21 UTC] PHP   2. getDataBaseConnection() /home/ubuntu/workspace/CST336/CLASSWRK/OtterMart/api/getSearchResults.php:3
[27-Mar-2019 17:25:33 UTC] PHP Fatal error:  Call to undefined function PDO() in /home/ubuntu/workspace/CST336/CLASSWRK/OtterMart/dbConnection.php on line 8
[27-Mar-2019 17:25:33 UTC] PHP Stack trace:
[27-Mar-2019 17:25:33 UTC] PHP   1. {main}() /home/ubuntu/workspace/CST336/CLASSWRK/OtterMart/api/getSearchResults.php:0
[27-Mar-2019 17:25:33 UTC] PHP   2. getDataBaseConnection() /home/ubuntu/workspace/CST336/CLASSWRK/OtterMart/api/getSearchResults.php:3
[27-Mar-2019 17:25:35 UTC] PHP Fatal error:  Call to undefined function PDO() in /home/ubuntu/workspace/CST336/CLASSWRK/OtterMart/dbConnection.php on line 8
[27-Mar-2019 17:25:35 UTC] PHP Stack trace:
[27-Mar-2019 17:25:35 UTC] PHP   1. {main}() /home/ubuntu/workspace/CST336/CLASSWRK/OtterMart/api/getSearchResults.php:0
[27-Mar-2019 17:25:35 UTC] PHP   2. getDataBaseConnection() /home/ubuntu/workspace/CST336/CLASSWRK/OtterMart/api/getSearchResults.php:3
[27-Mar-2019 17:25:36 UTC] PHP Fatal error:  Call to undefined function PDO() in /home/ubuntu/workspace/CST336/CLASSWRK/OtterMart/dbConnection.php on line 8
[27-Mar-2019 17:25:36 UTC] PHP Stack trace:
[27-Mar-2019 17:25:36 UTC] PHP   1. {main}() /home/ubuntu/workspace/CST336/CLASSWRK/OtterMart/api/getSearchResults.php:0
[27-Mar-2019 17:25:36 UTC] PHP   2. getDataBaseConnection() /home/ubuntu/workspace/CST336/CLASSWRK/OtterMart/api/getSearchResults.php:3
[27-Mar-2019 17:25:36 UTC] PHP Fatal error:  Call to undefined function PDO() in /home/ubuntu/workspace/CST336/CLASSWRK/OtterMart/dbConnection.php on line 8
[27-Mar-2019 17:25:36 UTC] PHP Stack trace:
[27-Mar-2019 17:25:36 UTC] PHP   1. {main}() /home/ubuntu/workspace/CST336/CLASSWRK/OtterMart/api/getSearchResults.php:0
[27-Mar-2019 17:25:36 UTC] PHP   2. getDataBaseConnection() /home/ubuntu/workspace/CST336/CLASSWRK/OtterMart/api/getSearchResults.php:3
[27-Mar-2019 17:25:37 UTC] PHP Fatal error:  Call to undefined function PDO() in /home/ubuntu/workspace/CST336/CLASSWRK/OtterMart/dbConnection.php on line 8
[27-Mar-2019 17:25:37 UTC] PHP Stack trace:
[27-Mar-2019 17:25:37 UTC] PHP   1. {main}() /home/ubuntu/workspace/CST336/CLASSWRK/OtterMart/api/getSearchResults.php:0
[27-Mar-2019 17:25:37 UTC] PHP   2. getDataBaseConnection() /home/ubuntu/workspace/CST336/CLASSWRK/OtterMart/api/getSearchResults.php:3
[27-Mar-2019 17:25:37 UTC] PHP Fatal error:  Call to undefined function PDO() in /home/ubuntu/workspace/CST336/CLASSWRK/OtterMart/dbConnection.php on line 8
[27-Mar-2019 17:25:37 UTC] PHP Stack trace:
[27-Mar-2019 17:25:37 UTC] PHP   1. {main}() /home/ubuntu/workspace/CST336/CLASSWRK/OtterMart/api/getSearchResults.php:0
[27-Mar-2019 17:25:37 UTC] PHP   2. getDataBaseConnection() /home/ubuntu/workspace/CST336/CLASSWRK/OtterMart/api/getSearchResults.php:3
[27-Mar-2019 17:25:37 UTC] PHP Fatal error:  Call to undefined function PDO() in /home/ubuntu/workspace/CST336/CLASSWRK/OtterMart/dbConnection.php on line 8
[27-Mar-2019 17:25:37 UTC] PHP Stack trace:
[27-Mar-2019 17:25:37 UTC] PHP   1. {main}() /home/ubuntu/workspace/CST336/CLASSWRK/OtterMart/api/getSearchResults.php:0
[27-Mar-2019 17:25:37 UTC] PHP   2. getDataBaseConnection() /home/ubuntu/workspace/CST336/CLASSWRK/OtterMart/api/getSearchResults.php:3
[27-Mar-2019 17:25:37 UTC] PHP Fatal error:  Call to undefined function PDO() in /home/ubuntu/workspace/CST336/CLASSWRK/OtterMart/dbConnection.php on line 8
[27-Mar-2019 17:25:37 UTC] PHP Stack trace:
[27-Mar-2019 17:25:37 UTC] PHP   1. {main}() /home/ubuntu/workspace/CST336/CLASSWRK/OtterMart/api/getSearchResults.php:0
[27-Mar-2019 17:25:37 UTC] PHP   2. getDataBaseConnection() /home/ubuntu/workspace/CST336/CLASSWRK/OtterMart/api/getSearchResults.php:3
[27-Mar-2019 17:25:38 UTC] PHP Fatal error:  Call to undefined function PDO() in /home/ubuntu/workspace/CST336/CLASSWRK/OtterMart/dbConnection.php on line 8
[27-Mar-2019 17:25:38 UTC] PHP Stack trace:
[27-Mar-2019 17:25:38 UTC] PHP   1. {main}() /home/ubuntu/workspace/CST336/CLASSWRK/OtterMart/api/getSearchResults.php:0
[27-Mar-2019 17:25:38 UTC] PHP   2. getDataBaseConnection() /home/ubuntu/workspace/CST336/CLASSWRK/OtterMart/api/getSearchResults.php:3
[27-Mar-2019 17:25:38 UTC] PHP Fatal error:  Call to undefined function PDO() in /home/ubuntu/workspace/CST336/CLASSWRK/OtterMart/dbConnection.php on line 8
[27-Mar-2019 17:25:38 UTC] PHP Stack trace:
[27-Mar-2019 17:25:38 UTC] PHP   1. {main}() /home/ubuntu/workspace/CST336/CLASSWRK/OtterMart/api/getSearchResults.php:0
[27-Mar-2019 17:25:38 UTC] PHP   2. getDataBaseConnection() /home/ubuntu/workspace/CST336/CLASSWRK/OtterMart/api/getSearchResults.php:3
[27-Mar-2019 17:25:38 UTC] PHP Fatal error:  Call to undefined function PDO() in /home/ubuntu/workspace/CST336/CLASSWRK/OtterMart/dbConnection.php on line 8
[27-Mar-2019 17:25:38 UTC] PHP Stack trace:
[27-Mar-2019 17:25:38 UTC] PHP   1. {main}() /home/ubuntu/workspace/CST336/CLASSWRK/OtterMart/api/getSearchResults.php:0
[27-Mar-2019 17:25:38 UTC] PHP   2. getDataBaseConnection() /home/ubuntu/workspace/CST336/CLASSWRK/OtterMart/api/getSearchResults.php:3
[27-Mar-2019 17:25:40 UTC] PHP Fatal error:  Call to undefined function PDO() in /home/ubuntu/workspace/CST336/CLASSWRK/OtterMart/dbConnection.php on line 8
[27-Mar-2019 17:25:40 UTC] PHP Stack trace:
[27-Mar-2019 17:25:40 UTC] PHP   1. {main}() /home/ubuntu/workspace/CST336/CLASSWRK/OtterMart/api/getSearchResults.php:0
[27-Mar-2019 17:25:40 UTC] PHP   2. getDataBaseConnection() /home/ubuntu/workspace/CST336/CLASSWRK/OtterMart/api/getSearchResults.php:3
[27-Mar-2019 17:25:40 UTC] PHP Fatal error:  Call to undefined function PDO() in /home/ubuntu/workspace/CST336/CLASSWRK/OtterMart/dbConnection.php on line 8
[27-Mar-2019 17:25:40 UTC] PHP Stack trace:
[27-Mar-2019 17:25:40 UTC] PHP   1. {main}() /home/ubuntu/workspace/CST336/CLASSWRK/OtterMart/api/getSearchResults.php:0
[27-Mar-2019 17:25:40 UTC] PHP   2. getDataBaseConnection() /home/ubuntu/workspace/CST336/CLASSWRK/OtterMart/api/getSearchResults.php:3
[27-Mar-2019 17:25:40 UTC] PHP Fatal error:  Call to undefined function PDO() in /home/ubuntu/workspace/CST336/CLASSWRK/OtterMart/dbConnection.php on line 8
[27-Mar-2019 17:25:40 UTC] PHP Stack trace:
[27-Mar-2019 17:25:40 UTC] PHP   1. {main}() /home/ubuntu/workspace/CST336/CLASSWRK/OtterMart/api/getSearchResults.php:0
[27-Mar-2019 17:25:40 UTC] PHP   2. getDataBaseConnection() /home/ubuntu/workspace/CST336/CLASSWRK/OtterMart/api/getSearchResults.php:3
[27-Mar-2019 17:25:41 UTC] PHP Fatal error:  Call to undefined function PDO() in /home/ubuntu/workspace/CST336/CLASSWRK/OtterMart/dbConnection.php on line 8
[27-Mar-2019 17:25:41 UTC] PHP Stack trace:
[27-Mar-2019 17:25:41 UTC] PHP   1. {main}() /home/ubuntu/workspace/CST336/CLASSWRK/OtterMart/api/getSearchResults.php:0
[27-Mar-2019 17:25:41 UTC] PHP   2. getDataBaseConnection() /home/ubuntu/workspace/CST336/CLASSWRK/OtterMart/api/getSearchResults.php:3
[27-Mar-2019 17:25:42 UTC] PHP Fatal error:  Call to undefined function PDO() in /home/ubuntu/workspace/CST336/CLASSWRK/OtterMart/dbConnection.php on line 8
[27-Mar-2019 17:25:42 UTC] PHP Stack trace:
[27-Mar-2019 17:25:42 UTC] PHP   1. {main}() /home/ubuntu/workspace/CST336/CLASSWRK/OtterMart/api/getSearchResults.php:0
[27-Mar-2019 17:25:42 UTC] PHP   2. getDataBaseConnection() /home/ubuntu/workspace/CST336/CLASSWRK/OtterMart/api/getSearchResults.php:3
[27-Mar-2019 17:25:43 UTC] PHP Fatal error:  Call to undefined function PDO() in /home/ubuntu/workspace/CST336/CLASSWRK/OtterMart/dbConnection.php on line 8
[27-Mar-2019 17:25:43 UTC] PHP Stack trace:
[27-Mar-2019 17:25:43 UTC] PHP   1. {main}() /home/ubuntu/workspace/CST336/CLASSWRK/OtterMart/api/getSearchResults.php:0
[27-Mar-2019 17:25:43 UTC] PHP   2. getDataBaseConnection() /home/ubuntu/workspace/CST336/CLASSWRK/OtterMart/api/getSearchResults.php:3
[27-Mar-2019 17:36:21 UTC] PHP Fatal error:  Call to undefined function PDO() in /home/ubuntu/workspace/CST336/CLASSWRK/OtterMart/dbConnection.php on line 8
[27-Mar-2019 17:36:21 UTC] PHP Stack trace:
[27-Mar-2019 17:36:21 UTC] PHP   1. {main}() /home/ubuntu/workspace/CST336/CLASSWRK/OtterMart/api/getCategories.php:0
[27-Mar-2019 17:36:21 UTC] PHP   2. getDataBaseConnection() /home/ubuntu/workspace/CST336/CLASSWRK/OtterMart/api/getCategories.php:5
[27-Mar-2019 17:36:27 UTC] PHP Fatal error:  Call to undefined function PDO() in /home/ubuntu/workspace/CST336/CLASSWRK/OtterMart/dbConnection.php on line 8
[27-Mar-2019 17:36:27 UTC] PHP Stack trace:
[27-Mar-2019 17:36:27 UTC] PHP   1. {main}() /home/ubuntu/workspace/CST336/CLASSWRK/OtterMart/api/getSearchResults.php:0
[27-Mar-2019 17:36:27 UTC] PHP   2. getDataBaseConnection() /home/ubuntu/workspace/CST336/CLASSWRK/OtterMart/api/getSearchResults.php:3
[27-Mar-2019 17:36:28 UTC] PHP Fatal error:  Call to undefined function PDO() in /home/ubuntu/workspace/CST336/CLASSWRK/OtterMart/dbConnection.php on line 8
[27-Mar-2019 17:36:28 UTC] PHP Stack trace:
[27-Mar-2019 17:36:28 UTC] PHP   1. {main}() /home/ubuntu/workspace/CST336/CLASSWRK/OtterMart/api/getSearchResults.php:0
[27-Mar-2019 17:36:28 UTC] PHP   2. getDataBaseConnection() /home/ubuntu/workspace/CST336/CLASSWRK/OtterMart/api/getSearchResults.php:3
[27-Mar-2019 17:36:28 UTC] PHP Fatal error:  Call to undefined function PDO() in /home/ubuntu/workspace/CST336/CLASSWRK/OtterMart/dbConnection.php on line 8
[27-Mar-2019 17:36:28 UTC] PHP Stack trace:
[27-Mar-2019 17:36:28 UTC] PHP   1. {main}() /home/ubuntu/workspace/CST336/CLASSWRK/OtterMart/api/getSearchResults.php:0
[27-Mar-2019 17:36:28 UTC] PHP   2. getDataBaseConnection() /home/ubuntu/workspace/CST336/CLASSWRK/OtterMart/api/getSearchResults.php:3
[27-Mar-2019 17:36:50 UTC] PHP Fatal error:  Call to undefined function PDO() in /home/ubuntu/workspace/CST336/CLASSWRK/OtterMart/dbConnection.php on line 8
[27-Mar-2019 17:36:50 UTC] PHP Stack trace:
[27-Mar-2019 17:36:50 UTC] PHP   1. {main}() /home/ubuntu/workspace/CST336/CLASSWRK/OtterMart/api/getSearchResults.php:0
[27-Mar-2019 17:36:50 UTC] PHP   2. getDataBaseConnection() /home/ubuntu/workspace/CST336/CLASSWRK/OtterMart/api/getSearchResults.php:3
[27-Mar-2019 17:36:50 UTC] PHP Fatal error:  Call to undefined function PDO() in /home/ubuntu/workspace/CST336/CLASSWRK/OtterMart/dbConnection.php on line 8
[27-Mar-2019 17:36:50 UTC] PHP Stack trace:
[27-Mar-2019 17:36:50 UTC] PHP   1. {main}() /home/ubuntu/workspace/CST336/CLASSWRK/OtterMart/api/getSearchResults.php:0
[27-Mar-2019 17:36:50 UTC] PHP   2. getDataBaseConnection() /home/ubuntu/workspace/CST336/CLASSWRK/OtterMart/api/getSearchResults.php:3
[27-Mar-2019 17:36:50 UTC] PHP Fatal error:  Call to undefined function PDO() in /home/ubuntu/workspace/CST336/CLASSWRK/OtterMart/dbConnection.php on line 8
[27-Mar-2019 17:36:50 UTC] PHP Stack trace:
[27-Mar-2019 17:36:50 UTC] PHP   1. {main}() /home/ubuntu/workspace/CST336/CLASSWRK/OtterMart/api/getSearchResults.php:0
[27-Mar-2019 17:36:50 UTC] PHP   2. getDataBaseConnection() /home/ubuntu/workspace/CST336/CLASSWRK/OtterMart/api/getSearchResults.php:3
[27-Mar-2019 17:36:51 UTC] PHP Fatal error:  Call to undefined function PDO() in /home/ubuntu/workspace/CST336/CLASSWRK/OtterMart/dbConnection.php on line 8
[27-Mar-2019 17:36:51 UTC] PHP Stack trace:
[27-Mar-2019 17:36:51 UTC] PHP   1. {main}() /home/ubuntu/workspace/CST336/CLASSWRK/OtterMart/api/getSearchResults.php:0
[27-Mar-2019 17:36:51 UTC] PHP   2. getDataBaseConnection() /home/ubuntu/workspace/CST336/CLASSWRK/OtterMart/api/getSearchResults.php:3
[27-Mar-2019 19:27:01 UTC] PHP Fatal error:  Call to undefined function PDO() in /home/ubuntu/workspace/CST336/CLASSWRK/OtterMart/dbConnection.php on line 8
[27-Mar-2019 19:27:01 UTC] PHP Stack trace:
[27-Mar-2019 19:27:01 UTC] PHP   1. {main}() /home/ubuntu/workspace/CST336/CLASSWRK/OtterMart/api/getCategories.php:0
[27-Mar-2019 19:27:01 UTC] PHP   2. getDataBaseConnection() /home/ubuntu/workspace/CST336/CLASSWRK/OtterMart/api/getCategories.php:5
[27-Mar-2019 19:27:05 UTC] PHP Fatal error:  Call to undefined function PDO() in /home/ubuntu/workspace/CST336/CLASSWRK/OtterMart/dbConnection.php on line 8
[27-Mar-2019 19:27:05 UTC] PHP Stack trace:
[27-Mar-2019 19:27:05 UTC] PHP   1. {main}() /home/ubuntu/workspace/CST336/CLASSWRK/OtterMart/api/getSearchResults.php:0
[27-Mar-2019 19:27:05 UTC] PHP   2. getDataBaseConnection() /home/ubuntu/workspace/CST336/CLASSWRK/OtterMart/api/getSearchResults.php:3
[27-Mar-2019 19:27:05 UTC] PHP Fatal error:  Call to undefined function PDO() in /home/ubuntu/workspace/CST336/CLASSWRK/OtterMart/dbConnection.php on line 8
[27-Mar-2019 19:27:05 UTC] PHP Stack trace:
[27-Mar-2019 19:27:05 UTC] PHP   1. {main}() /home/ubuntu/workspace/CST336/CLASSWRK/OtterMart/api/getSearchResults.php:0
[27-Mar-2019 19:27:05 UTC] PHP   2. getDataBaseConnection() /home/ubuntu/workspace/CST336/CLASSWRK/OtterMart/api/getSearchResults.php:3
[27-Mar-2019 19:27:06 UTC] PHP Fatal error:  Call to undefined function PDO() in /home/ubuntu/workspace/CST336/CLASSWRK/OtterMart/dbConnection.php on line 8
[27-Mar-2019 19:27:06 UTC] PHP Stack trace:
[27-Mar-2019 19:27:06 UTC] PHP   1. {main}() /home/ubuntu/workspace/CST336/CLASSWRK/OtterMart/api/getSearchResults.php:0
[27-Mar-2019 19:27:06 UTC] PHP   2. getDataBaseConnection() /home/ubuntu/workspace/CST336/CLASSWRK/OtterMart/api/getSearchResults.php:3
[27-Mar-2019 19:33:09 UTC] PHP Fatal error:  Call to undefined function PDO() in /home/ubuntu/workspace/CST336/CLASSWRK/OtterMart/dbConnection.php on line 8
[27-Mar-2019 19:33:09 UTC] PHP Stack trace:
[27-Mar-2019 19:33:09 UTC] PHP   1. {main}() /home/ubuntu/workspace/CST336/CLASSWRK/OtterMart/api/getCategories.php:0
[27-Mar-2019 19:33:09 UTC] PHP   2. getDataBaseConnection() /home/ubuntu/workspace/CST336/CLASSWRK/OtterMart/api/getCategories.php:5
[27-Mar-2019 19:33:16 UTC] PHP Fatal error:  Call to undefined function PDO() in /home/ubuntu/workspace/CST336/CLASSWRK/OtterMart/dbConnection.php on line 8
[27-Mar-2019 19:33:16 UTC] PHP Stack trace:
[27-Mar-2019 19:33:16 UTC] PHP   1. {main}() /home/ubuntu/workspace/CST336/CLASSWRK/OtterMart/api/getSearchResults.php:0
[27-Mar-2019 19:33:16 UTC] PHP   2. getDataBaseConnection() /home/ubuntu/workspace/CST336/CLASSWRK/OtterMart/api/getSearchResults.php:3
[27-Mar-2019 19:33:36 UTC] PHP Fatal error:  Call to undefined function PDO() in /home/ubuntu/workspace/CST336/CLASSWRK/OtterMart/dbConnection.php on line 8
[27-Mar-2019 19:33:36 UTC] PHP Stack trace:
[27-Mar-2019 19:33:36 UTC] PHP   1. {main}() /home/ubuntu/workspace/CST336/CLASSWRK/OtterMart/api/getSearchResults.php:0
[27-Mar-2019 19:33:36 UTC] PHP   2. getDataBaseConnection() /home/ubuntu/workspace/CST336/CLASSWRK/OtterMart/api/getSearchResults.php:3
[27-Mar-2019 19:35:40 UTC] PHP Fatal error:  Call to undefined function PDO() in /home/ubuntu/workspace/CST336/CLASSWRK/OtterMart/dbConnection.php on line 8
[27-Mar-2019 19:35:40 UTC] PHP Stack trace:
[27-Mar-2019 19:35:40 UTC] PHP   1. {main}() /home/ubuntu/workspace/CST336/CLASSWRK/OtterMart/api/getSearchResults.php:0
[27-Mar-2019 19:35:40 UTC] PHP   2. getDataBaseConnection() /home/ubuntu/workspace/CST336/CLASSWRK/OtterMart/api/getSearchResults.php:3
[27-Mar-2019 20:10:42 UTC] PHP Fatal error:  Call to undefined function PDO() in /home/ubuntu/workspace/CST336/CLASSWRK/OtterMart/dbConnection.php on line 10
[27-Mar-2019 20:10:42 UTC] PHP Stack trace:
[27-Mar-2019 20:10:42 UTC] PHP   1. {main}() /home/ubuntu/workspace/CST336/CLASSWRK/OtterMart/api/getCategories.php:0
[27-Mar-2019 20:10:42 UTC] PHP   2. getDataBaseConnection() /home/ubuntu/workspace/CST336/CLASSWRK/OtterMart/api/getCategories.php:5
[27-Mar-2019 20:10:51 UTC] PHP Fatal error:  Call to undefined function PDO() in /home/ubuntu/workspace/CST336/CLASSWRK/OtterMart/dbConnection.php on line 10
[27-Mar-2019 20:10:51 UTC] PHP Stack trace:
[27-Mar-2019 20:10:51 UTC] PHP   1. {main}() /home/ubuntu/workspace/CST336/CLASSWRK/OtterMart/api/getSearchResults.php:0
[27-Mar-2019 20:10:51 UTC] PHP   2. getDataBaseConnection() /home/ubuntu/workspace/CST336/CLASSWRK/OtterMart/api/getSearchResults.php:3
[27-Mar-2019 20:15:25 UTC] PHP Fatal error:  Call to undefined function PDO() in /home/ubuntu/workspace/CST336/CLASSWRK/OtterMart/dbConnection.php on line 18
[27-Mar-2019 20:15:25 UTC] PHP Stack trace:
[27-Mar-2019 20:15:25 UTC] PHP   1. {main}() /home/ubuntu/workspace/CST336/CLASSWRK/OtterMart/api/getCategories.php:0
[27-Mar-2019 20:15:25 UTC] PHP   2. getDataBaseConnection() /home/ubuntu/workspace/CST336/CLASSWRK/OtterMart/api/getCategories.php:5
[27-Mar-2019 20:15:34 UTC] PHP Fatal error:  Call to undefined function PDO() in /home/ubuntu/workspace/CST336/CLASSWRK/OtterMart/dbConnection.php on line 18
[27-Mar-2019 20:15:34 UTC] PHP Stack trace:
[27-Mar-2019 20:15:34 UTC] PHP   1. {main}() /home/ubuntu/workspace/CST336/CLASSWRK/OtterMart/api/getSearchResults.php:0
[27-Mar-2019 20:15:34 UTC] PHP   2. getDataBaseConnection() /home/ubuntu/workspace/CST336/CLASSWRK/OtterMart/api/getSearchResults.php:3
[27-Mar-2019 20:19:48 UTC] PHP Fatal error:  Call to undefined function PDO() in /home/ubuntu/workspace/CST336/CLASSWRK/OtterMart/dbConnection.php on line 18
[27-Mar-2019 20:19:48 UTC] PHP Stack trace:
[27-Mar-2019 20:19:48 UTC] PHP   1. {main}() /home/ubuntu/workspace/CST336/CLASSWRK/OtterMart/api/getCategories.php:0
[27-Mar-2019 20:19:48 UTC] PHP   2. getDataBaseConnection() /home/ubuntu/workspace/CST336/CLASSWRK/OtterMart/api/getCategories.php:5
[27-Mar-2019 20:20:09 UTC] PHP Fatal error:  Call to undefined function PDO() in /home/ubuntu/workspace/CST336/CLASSWRK/OtterMart/dbConnection.php on line 18
[27-Mar-2019 20:20:09 UTC] PHP Stack trace:
[27-Mar-2019 20:20:09 UTC] PHP   1. {main}() /home/ubuntu/workspace/CST336/CLASSWRK/OtterMart/api/getSearchResults.php:0
[27-Mar-2019 20:20:09 UTC] PHP   2. getDataBaseConnection() /home/ubuntu/workspace/CST336/CLASSWRK/OtterMart/api/getSearchResults.php:3
[27-Mar-2019 20:20:36 UTC] PHP Fatal error:  Call to undefined function PDO() in /home/ubuntu/workspace/CST336/CLASSWRK/OtterMart/dbConnection.php on line 18
[27-Mar-2019 20:20:36 UTC] PHP Stack trace:
[27-Mar-2019 20:20:36 UTC] PHP   1. {main}() /home/ubuntu/workspace/CST336/CLASSWRK/OtterMart/api/getCategories.php:0
[27-Mar-2019 20:20:36 UTC] PHP   2. getDataBaseConnection() /home/ubuntu/workspace/CST336/CLASSWRK/OtterMart/api/getCategories.php:5
[27-Mar-2019 20:20:41 UTC] PHP Fatal error:  Call to undefined function PDO() in /home/ubuntu/workspace/CST336/CLASSWRK/OtterMart/dbConnection.php on line 18
[27-Mar-2019 20:20:41 UTC] PHP Stack trace:
[27-Mar-2019 20:20:41 UTC] PHP   1. {main}() /home/ubuntu/workspace/CST336/CLASSWRK/OtterMart/api/getSearchResults.php:0
[27-Mar-2019 20:20:41 UTC] PHP   2. getDataBaseConnection() /home/ubuntu/workspace/CST336/CLASSWRK/OtterMart/api/getSearchResults.php:3
[27-Mar-2019 20:20:47 UTC] PHP Fatal error:  Call to undefined function PDO() in /home/ubuntu/workspace/CST336/CLASSWRK/OtterMart/dbConnection.php on line 18
[27-Mar-2019 20:20:47 UTC] PHP Stack trace:
[27-Mar-2019 20:20:47 UTC] PHP   1. {main}() /home/ubuntu/workspace/CST336/CLASSWRK/OtterMart/api/getSearchResults.php:0
[27-Mar-2019 20:20:47 UTC] PHP   2. getDataBaseConnection() /home/ubuntu/workspace/CST336/CLASSWRK/OtterMart/api/getSearchResults.php:3
[27-Mar-2019 20:20:48 UTC] PHP Fatal error:  Call to undefined function PDO() in /home/ubuntu/workspace/CST336/CLASSWRK/OtterMart/dbConnection.php on line 18
[27-Mar-2019 20:20:48 UTC] PHP Stack trace:
[27-Mar-2019 20:20:48 UTC] PHP   1. {main}() /home/ubuntu/workspace/CST336/CLASSWRK/OtterMart/api/getSearchResults.php:0
[27-Mar-2019 20:20:48 UTC] PHP   2. getDataBaseConnection() /home/ubuntu/workspace/CST336/CLASSWRK/OtterMart/api/getSearchResults.php:3
[27-Mar-2019 20:20:48 UTC] PHP Fatal error:  Call to undefined function PDO() in /home/ubuntu/workspace/CST336/CLASSWRK/OtterMart/dbConnection.php on line 18
[27-Mar-2019 20:20:48 UTC] PHP Stack trace:
[27-Mar-2019 20:20:48 UTC] PHP   1. {main}() /home/ubuntu/workspace/CST336/CLASSWRK/OtterMart/api/getSearchResults.php:0
[27-Mar-2019 20:20:48 UTC] PHP   2. getDataBaseConnection() /home/ubuntu/workspace/CST336/CLASSWRK/OtterMart/api/getSearchResults.php:3
[27-Mar-2019 20:20:49 UTC] PHP Fatal error:  Call to undefined function PDO() in /home/ubuntu/workspace/CST336/CLASSWRK/OtterMart/dbConnection.php on line 18
[27-Mar-2019 20:20:49 UTC] PHP Stack trace:
[27-Mar-2019 20:20:49 UTC] PHP   1. {main}() /home/ubuntu/workspace/CST336/CLASSWRK/OtterMart/api/getSearchResults.php:0
[27-Mar-2019 20:20:49 UTC] PHP   2. getDataBaseConnection() /home/ubuntu/workspace/CST336/CLASSWRK/OtterMart/api/getSearchResults.php:3
[27-Mar-2019 20:20:50 UTC] PHP Fatal error:  Call to undefined function PDO() in /home/ubuntu/workspace/CST336/CLASSWRK/OtterMart/dbConnection.php on line 18
[27-Mar-2019 20:20:50 UTC] PHP Stack trace:
[27-Mar-2019 20:20:50 UTC] PHP   1. {main}() /home/ubuntu/workspace/CST336/CLASSWRK/OtterMart/api/getSearchResults.php:0
[27-Mar-2019 20:20:50 UTC] PHP   2. getDataBaseConnection() /home/ubuntu/workspace/CST336/CLASSWRK/OtterMart/api/getSearchResults.php:3
[27-Mar-2019 20:20:50 UTC] PHP Fatal error:  Call to undefined function PDO() in /home/ubuntu/workspace/CST336/CLASSWRK/OtterMart/dbConnection.php on line 18
[27-Mar-2019 20:20:50 UTC] PHP Stack trace:
[27-Mar-2019 20:20:50 UTC] PHP   1. {main}() /home/ubuntu/workspace/CST336/CLASSWRK/OtterMart/api/getSearchResults.php:0
[27-Mar-2019 20:20:50 UTC] PHP   2. getDataBaseConnection() /home/ubuntu/workspace/CST336/CLASSWRK/OtterMart/api/getSearchResults.php:3
[27-Mar-2019 20:20:50 UTC] PHP Fatal error:  Call to undefined function PDO() in /home/ubuntu/workspace/CST336/CLASSWRK/OtterMart/dbConnection.php on line 18
[27-Mar-2019 20:20:50 UTC] PHP Stack trace:
[27-Mar-2019 20:20:50 UTC] PHP   1. {main}() /home/ubuntu/workspace/CST336/CLASSWRK/OtterMart/api/getSearchResults.php:0
[27-Mar-2019 20:20:50 UTC] PHP   2. getDataBaseConnection() /home/ubuntu/workspace/CST336/CLASSWRK/OtterMart/api/getSearchResults.php:3
[27-Mar-2019 20:21:40 UTC] PHP Fatal error:  Call to undefined function PDO() in /home/ubuntu/workspace/CST336/CLASSWRK/OtterMart/dbConnection.php on line 18
[27-Mar-2019 20:21:40 UTC] PHP Stack trace:
[27-Mar-2019 20:21:40 UTC] PHP   1. {main}() /home/ubuntu/workspace/CST336/CLASSWRK/OtterMart/api/getCategories.php:0
[27-Mar-2019 20:21:40 UTC] PHP   2. getDataBaseConnection() /home/ubuntu/workspace/CST336/CLASSWRK/OtterMart/api/getCategories.php:5
[27-Mar-2019 20:21:43 UTC] PHP Fatal error:  Call to undefined function PDO() in /home/ubuntu/workspace/CST336/CLASSWRK/OtterMart/dbConnection.php on line 18
[27-Mar-2019 20:21:43 UTC] PHP Stack trace:
[27-Mar-2019 20:21:43 UTC] PHP   1. {main}() /home/ubuntu/workspace/CST336/CLASSWRK/OtterMart/api/getSearchResults.php:0
[27-Mar-2019 20:21:43 UTC] PHP   2. getDataBaseConnection() /home/ubuntu/workspace/CST336/CLASSWRK/OtterMart/api/getSearchResults.php:3
[27-Mar-2019 20:21:44 UTC] PHP Fatal error:  Call to undefined function PDO() in /home/ubuntu/workspace/CST336/CLASSWRK/OtterMart/dbConnection.php on line 18
[27-Mar-2019 20:21:44 UTC] PHP Stack trace:
[27-Mar-2019 20:21:44 UTC] PHP   1. {main}() /home/ubuntu/workspace/CST336/CLASSWRK/OtterMart/api/getSearchResults.php:0
[27-Mar-2019 20:21:44 UTC] PHP   2. getDataBaseConnection() /home/ubuntu/workspace/CST336/CLASSWRK/OtterMart/api/getSearchResults.php:3
[27-Mar-2019 20:21:44 UTC] PHP Fatal error:  Call to undefined function PDO() in /home/ubuntu/workspace/CST336/CLASSWRK/OtterMart/dbConnection.php on line 18
[27-Mar-2019 20:21:44 UTC] PHP Stack trace:
[27-Mar-2019 20:21:44 UTC] PHP   1. {main}() /home/ubuntu/workspace/CST336/CLASSWRK/OtterMart/api/getSearchResults.php:0
[27-Mar-2019 20:21:44 UTC] PHP   2. getDataBaseConnection() /home/ubuntu/workspace/CST336/CLASSWRK/OtterMart/api/getSearchResults.php:3
[27-Mar-2019 20:21:44 UTC] PHP Fatal error:  Call to undefined function PDO() in /home/ubuntu/workspace/CST336/CLASSWRK/OtterMart/dbConnection.php on line 18
[27-Mar-2019 20:21:44 UTC] PHP Stack trace:
[27-Mar-2019 20:21:44 UTC] PHP   1. {main}() /home/ubuntu/workspace/CST336/CLASSWRK/OtterMart/api/getSearchResults.php:0
[27-Mar-2019 20:21:44 UTC] PHP   2. getDataBaseConnection() /home/ubuntu/workspace/CST336/CLASSWRK/OtterMart/api/getSearchResults.php:3
[27-Mar-2019 20:21:44 UTC] PHP Fatal error:  Call to undefined function PDO() in /home/ubuntu/workspace/CST336/CLASSWRK/OtterMart/dbConnection.php on line 18
[27-Mar-2019 20:21:44 UTC] PHP Stack trace:
[27-Mar-2019 20:21:44 UTC] PHP   1. {main}() /home/ubuntu/workspace/CST336/CLASSWRK/OtterMart/api/getSearchResults.php:0
[27-Mar-2019 20:21:44 UTC] PHP   2. getDataBaseConnection() /home/ubuntu/workspace/CST336/CLASSWRK/OtterMart/api/getSearchResults.php:3
[27-Mar-2019 20:21:45 UTC] PHP Fatal error:  Call to undefined function PDO() in /home/ubuntu/workspace/CST336/CLASSWRK/OtterMart/dbConnection.php on line 18
[27-Mar-2019 20:21:45 UTC] PHP Stack trace:
[27-Mar-2019 20:21:45 UTC] PHP   1. {main}() /home/ubuntu/workspace/CST336/CLASSWRK/OtterMart/api/getSearchResults.php:0
[27-Mar-2019 20:21:45 UTC] PHP   2. getDataBaseConnection() /home/ubuntu/workspace/CST336/CLASSWRK/OtterMart/api/getSearchResults.php:3
[27-Mar-2019 20:21:45 UTC] PHP Fatal error:  Call to undefined function PDO() in /home/ubuntu/workspace/CST336/CLASSWRK/OtterMart/dbConnection.php on line 18
[27-Mar-2019 20:21:45 UTC] PHP Stack trace:
[27-Mar-2019 20:21:45 UTC] PHP   1. {main}() /home/ubuntu/workspace/CST336/CLASSWRK/OtterMart/api/getSearchResults.php:0
[27-Mar-2019 20:21:45 UTC] PHP   2. getDataBaseConnection() /home/ubuntu/workspace/CST336/CLASSWRK/OtterMart/api/getSearchResults.php:3
[27-Mar-2019 20:21:45 UTC] PHP Fatal error:  Call to undefined function PDO() in /home/ubuntu/workspace/CST336/CLASSWRK/OtterMart/dbConnection.php on line 18
[27-Mar-2019 20:21:45 UTC] PHP Stack trace:
[27-Mar-2019 20:21:45 UTC] PHP   1. {main}() /home/ubuntu/workspace/CST336/CLASSWRK/OtterMart/api/getSearchResults.php:0
[27-Mar-2019 20:21:45 UTC] PHP   2. getDataBaseConnection() /home/ubuntu/workspace/CST336/CLASSWRK/OtterMart/api/getSearchResults.php:3
[27-Mar-2019 20:21:45 UTC] PHP Fatal error:  Call to undefined function PDO() in /home/ubuntu/workspace/CST336/CLASSWRK/OtterMart/dbConnection.php on line 18
[27-Mar-2019 20:21:45 UTC] PHP Stack trace:
[27-Mar-2019 20:21:45 UTC] PHP   1. {main}() /home/ubuntu/workspace/CST336/CLASSWRK/OtterMart/api/getSearchResults.php:0
[27-Mar-2019 20:21:45 UTC] PHP   2. getDataBaseConnection() /home/ubuntu/workspace/CST336/CLASSWRK/OtterMart/api/getSearchResults.php:3
[27-Mar-2019 20:22:05 UTC] PHP Fatal error:  Call to undefined function PDO() in /home/ubuntu/workspace/CST336/CLASSWRK/OtterMart/dbConnection.php on line 18
[27-Mar-2019 20:22:05 UTC] PHP Stack trace:
[27-Mar-2019 20:22:05 UTC] PHP   1. {main}() /home/ubuntu/workspace/CST336/CLASSWRK/OtterMart/api/getCategories.php:0
[27-Mar-2019 20:22:05 UTC] PHP   2. getDataBaseConnection() /home/ubuntu/workspace/CST336/CLASSWRK/OtterMart/api/getCategories.php:5
[27-Mar-2019 20:22:08 UTC] PHP Fatal error:  Call to undefined function PDO() in /home/ubuntu/workspace/CST336/CLASSWRK/OtterMart/dbConnection.php on line 18
[27-Mar-2019 20:22:08 UTC] PHP Stack trace:
[27-Mar-2019 20:22:08 UTC] PHP   1. {main}() /home/ubuntu/workspace/CST336/CLASSWRK/OtterMart/api/getSearchResults.php:0
[27-Mar-2019 20:22:08 UTC] PHP   2. getDataBaseConnection() /home/ubuntu/workspace/CST336/CLASSWRK/OtterMart/api/getSearchResults.php:3
[27-Mar-2019 20:22:09 UTC] PHP Fatal error:  Call to undefined function PDO() in /home/ubuntu/workspace/CST336/CLASSWRK/OtterMart/dbConnection.php on line 18
[27-Mar-2019 20:22:09 UTC] PHP Stack trace:
[27-Mar-2019 20:22:09 UTC] PHP   1. {main}() /home/ubuntu/workspace/CST336/CLASSWRK/OtterMart/api/getSearchResults.php:0
[27-Mar-2019 20:22:09 UTC] PHP   2. getDataBaseConnection() /home/ubuntu/workspace/CST336/CLASSWRK/OtterMart/api/getSearchResults.php:3
[27-Mar-2019 20:22:09 UTC] PHP Fatal error:  Call to undefined function PDO() in /home/ubuntu/workspace/CST336/CLASSWRK/OtterMart/dbConnection.php on line 18
[27-Mar-2019 20:22:09 UTC] PHP Stack trace:
[27-Mar-2019 20:22:09 UTC] PHP   1. {main}() /home/ubuntu/workspace/CST336/CLASSWRK/OtterMart/api/getSearchResults.php:0
[27-Mar-2019 20:22:09 UTC] PHP   2. getDataBaseConnection() /home/ubuntu/workspace/CST336/CLASSWRK/OtterMart/api/getSearchResults.php:3
[27-Mar-2019 20:22:10 UTC] PHP Fatal error:  Call to undefined function PDO() in /home/ubuntu/workspace/CST336/CLASSWRK/OtterMart/dbConnection.php on line 18
[27-Mar-2019 20:22:10 UTC] PHP Stack trace:
[27-Mar-2019 20:22:10 UTC] PHP   1. {main}() /home/ubuntu/workspace/CST336/CLASSWRK/OtterMart/api/getSearchResults.php:0
[27-Mar-2019 20:22:10 UTC] PHP   2. getDataBaseConnection() /home/ubuntu/workspace/CST336/CLASSWRK/OtterMart/api/getSearchResults.php:3
[27-Mar-2019 20:26:38 UTC] PHP Fatal error:  Call to undefined function PDO() in /home/ubuntu/workspace/CST336/CLASSWRK/OtterMart/dbConnection.php on line 18
[27-Mar-2019 20:26:38 UTC] PHP Stack trace:
[27-Mar-2019 20:26:38 UTC] PHP   1. {main}() /home/ubuntu/workspace/CST336/CLASSWRK/OtterMart/api/getCategories.php:0
[27-Mar-2019 20:26:38 UTC] PHP   2. getDataBaseConnection() /home/ubuntu/workspace/CST336/CLASSWRK/OtterMart/api/getCategories.php:4
[27-Mar-2019 20:26:45 UTC] PHP Fatal error:  Call to undefined function PDO() in /home/ubuntu/workspace/CST336/CLASSWRK/OtterMart/dbConnection.php on line 18
[27-Mar-2019 20:26:45 UTC] PHP Stack trace:
[27-Mar-2019 20:26:45 UTC] PHP   1. {main}() /home/ubuntu/workspace/CST336/CLASSWRK/OtterMart/api/getSearchResults.php:0
[27-Mar-2019 20:26:45 UTC] PHP   2. getDataBaseConnection() /home/ubuntu/workspace/CST336/CLASSWRK/OtterMart/api/getSearchResults.php:4
[27-Mar-2019 20:26:45 UTC] PHP Fatal error:  Call to undefined function PDO() in /home/ubuntu/workspace/CST336/CLASSWRK/OtterMart/dbConnection.php on line 18
[27-Mar-2019 20:26:45 UTC] PHP Stack trace:
[27-Mar-2019 20:26:45 UTC] PHP   1. {main}() /home/ubuntu/workspace/CST336/CLASSWRK/OtterMart/api/getSearchResults.php:0
[27-Mar-2019 20:26:45 UTC] PHP   2. getDataBaseConnection() /home/ubuntu/workspace/CST336/CLASSWRK/OtterMart/api/getSearchResults.php:4
[27-Mar-2019 20:26:45 UTC] PHP Fatal error:  Call to undefined function PDO() in /home/ubuntu/workspace/CST336/CLASSWRK/OtterMart/dbConnection.php on line 18
[27-Mar-2019 20:26:45 UTC] PHP Stack trace:
[27-Mar-2019 20:26:45 UTC] PHP   1. {main}() /home/ubuntu/workspace/CST336/CLASSWRK/OtterMart/api/getSearchResults.php:0
[27-Mar-2019 20:26:45 UTC] PHP   2. getDataBaseConnection() /home/ubuntu/workspace/CST336/CLASSWRK/OtterMart/api/getSearchResults.php:4
[27-Mar-2019 20:26:46 UTC] PHP Fatal error:  Call to undefined function PDO() in /home/ubuntu/workspace/CST336/CLASSWRK/OtterMart/dbConnection.php on line 18
[27-Mar-2019 20:26:46 UTC] PHP Stack trace:
[27-Mar-2019 20:26:46 UTC] PHP   1. {main}() /home/ubuntu/workspace/CST336/CLASSWRK/OtterMart/api/getSearchResults.php:0
[27-Mar-2019 20:26:46 UTC] PHP   2. getDataBaseConnection() /home/ubuntu/workspace/CST336/CLASSWRK/OtterMart/api/getSearchResults.php:4
[27-Mar-2019 20:26:46 UTC] PHP Fatal error:  Call to undefined function PDO() in /home/ubuntu/workspace/CST336/CLASSWRK/OtterMart/dbConnection.php on line 18
[27-Mar-2019 20:26:46 UTC] PHP Stack trace:
[27-Mar-2019 20:26:46 UTC] PHP   1. {main}() /home/ubuntu/workspace/CST336/CLASSWRK/OtterMart/api/getSearchResults.php:0
[27-Mar-2019 20:26:46 UTC] PHP   2. getDataBaseConnection() /home/ubuntu/workspace/CST336/CLASSWRK/OtterMart/api/getSearchResults.php:4
[27-Mar-2019 20:26:46 UTC] PHP Fatal error:  Call to undefined function PDO() in /home/ubuntu/workspace/CST336/CLASSWRK/OtterMart/dbConnection.php on line 18
[27-Mar-2019 20:26:46 UTC] PHP Stack trace:
[27-Mar-2019 20:26:46 UTC] PHP   1. {main}() /home/ubuntu/workspace/CST336/CLASSWRK/OtterMart/api/getSearchResults.php:0
[27-Mar-2019 20:26:46 UTC] PHP   2. getDataBaseConnection() /home/ubuntu/workspace/CST336/CLASSWRK/OtterMart/api/getSearchResults.php:4
[27-Mar-2019 20:26:46 UTC] PHP Fatal error:  Call to undefined function PDO() in /home/ubuntu/workspace/CST336/CLASSWRK/OtterMart/dbConnection.php on line 18
[27-Mar-2019 20:26:46 UTC] PHP Stack trace:
[27-Mar-2019 20:26:46 UTC] PHP   1. {main}() /home/ubuntu/workspace/CST336/CLASSWRK/OtterMart/api/getSearchResults.php:0
[27-Mar-2019 20:26:46 UTC] PHP   2. getDataBaseConnection() /home/ubuntu/workspace/CST336/CLASSWRK/OtterMart/api/getSearchResults.php:4
[27-Mar-2019 20:26:47 UTC] PHP Fatal error:  Call to undefined function PDO() in /home/ubuntu/workspace/CST336/CLASSWRK/OtterMart/dbConnection.php on line 18
[27-Mar-2019 20:26:47 UTC] PHP Stack trace:
[27-Mar-2019 20:26:47 UTC] PHP   1. {main}() /home/ubuntu/workspace/CST336/CLASSWRK/OtterMart/api/getSearchResults.php:0
[27-Mar-2019 20:26:47 UTC] PHP   2. getDataBaseConnection() /home/ubuntu/workspace/CST336/CLASSWRK/OtterMart/api/getSearchResults.php:4
[27-Mar-2019 20:26:47 UTC] PHP Fatal error:  Call to undefined function PDO() in /home/ubuntu/workspace/CST336/CLASSWRK/OtterMart/dbConnection.php on line 18
[27-Mar-2019 20:26:47 UTC] PHP Stack trace:
[27-Mar-2019 20:26:47 UTC] PHP   1. {main}() /home/ubuntu/workspace/CST336/CLASSWRK/OtterMart/api/getSearchResults.php:0
[27-Mar-2019 20:26:47 UTC] PHP   2. getDataBaseConnection() /home/ubuntu/workspace/CST336/CLASSWRK/OtterMart/api/getSearchResults.php:4
[27-Mar-2019 20:26:47 UTC] PHP Fatal error:  Call to undefined function PDO() in /home/ubuntu/workspace/CST336/CLASSWRK/OtterMart/dbConnection.php on line 18
[27-Mar-2019 20:26:47 UTC] PHP Stack trace:
[27-Mar-2019 20:26:47 UTC] PHP   1. {main}() /home/ubuntu/workspace/CST336/CLASSWRK/OtterMart/api/getSearchResults.php:0
[27-Mar-2019 20:26:47 UTC] PHP   2. getDataBaseConnection() /home/ubuntu/workspace/CST336/CLASSWRK/OtterMart/api/getSearchResults.php:4
[27-Mar-2019 20:26:48 UTC] PHP Fatal error:  Call to undefined function PDO() in /home/ubuntu/workspace/CST336/CLASSWRK/OtterMart/dbConnection.php on line 18
[27-Mar-2019 20:26:48 UTC] PHP Stack trace:
[27-Mar-2019 20:26:48 UTC] PHP   1. {main}() /home/ubuntu/workspace/CST336/CLASSWRK/OtterMart/api/getSearchResults.php:0
[27-Mar-2019 20:26:48 UTC] PHP   2. getDataBaseConnection() /home/ubuntu/workspace/CST336/CLASSWRK/OtterMart/api/getSearchResults.php:4
[27-Mar-2019 20:26:48 UTC] PHP Fatal error:  Call to undefined function PDO() in /home/ubuntu/workspace/CST336/CLASSWRK/OtterMart/dbConnection.php on line 18
[27-Mar-2019 20:26:48 UTC] PHP Stack trace:
[27-Mar-2019 20:26:48 UTC] PHP   1. {main}() /home/ubuntu/workspace/CST336/CLASSWRK/OtterMart/api/getSearchResults.php:0
[27-Mar-2019 20:26:48 UTC] PHP   2. getDataBaseConnection() /home/ubuntu/workspace/CST336/CLASSWRK/OtterMart/api/getSearchResults.php:4
[27-Mar-2019 20:26:51 UTC] PHP Fatal error:  Call to undefined function PDO() in /home/ubuntu/workspace/CST336/CLASSWRK/OtterMart/dbConnection.php on line 18
[27-Mar-2019 20:26:51 UTC] PHP Stack trace:
[27-Mar-2019 20:26:51 UTC] PHP   1. {main}() /home/ubuntu/workspace/CST336/CLASSWRK/OtterMart/api/getSearchResults.php:0
[27-Mar-2019 20:26:51 UTC] PHP   2. getDataBaseConnection() /home/ubuntu/workspace/CST336/CLASSWRK/OtterMart/api/getSearchResults.php:4
[27-Mar-2019 20:26:52 UTC] PHP Fatal error:  Call to undefined function PDO() in /home/ubuntu/workspace/CST336/CLASSWRK/OtterMart/dbConnection.php on line 18
[27-Mar-2019 20:26:52 UTC] PHP Stack trace:
[27-Mar-2019 20:26:52 UTC] PHP   1. {main}() /home/ubuntu/workspace/CST336/CLASSWRK/OtterMart/api/getSearchResults.php:0
[27-Mar-2019 20:26:52 UTC] PHP   2. getDataBaseConnection() /home/ubuntu/workspace/CST336/CLASSWRK/OtterMart/api/getSearchResults.php:4
[27-Mar-2019 20:26:52 UTC] PHP Fatal error:  Call to undefined function PDO() in /home/ubuntu/workspace/CST336/CLASSWRK/OtterMart/dbConnection.php on line 18
[27-Mar-2019 20:26:52 UTC] PHP Stack trace:
[27-Mar-2019 20:26:52 UTC] PHP   1. {main}() /home/ubuntu/workspace/CST336/CLASSWRK/OtterMart/api/getSearchResults.php:0
[27-Mar-2019 20:26:52 UTC] PHP   2. getDataBaseConnection() /home/ubuntu/workspace/CST336/CLASSWRK/OtterMart/api/getSearchResults.php:4
[27-Mar-2019 20:26:52 UTC] PHP Fatal error:  Call to undefined function PDO() in /home/ubuntu/workspace/CST336/CLASSWRK/OtterMart/dbConnection.php on line 18
[27-Mar-2019 20:26:52 UTC] PHP Stack trace:
[27-Mar-2019 20:26:52 UTC] PHP   1. {main}() /home/ubuntu/workspace/CST336/CLASSWRK/OtterMart/api/getSearchResults.php:0
[27-Mar-2019 20:26:52 UTC] PHP   2. getDataBaseConnection() /home/ubuntu/workspace/CST336/CLASSWRK/OtterMart/api/getSearchResults.php:4
[27-Mar-2019 20:26:52 UTC] PHP Fatal error:  Call to undefined function PDO() in /home/ubuntu/workspace/CST336/CLASSWRK/OtterMart/dbConnection.php on line 18
[27-Mar-2019 20:26:52 UTC] PHP Stack trace:
[27-Mar-2019 20:26:52 UTC] PHP   1. {main}() /home/ubuntu/workspace/CST336/CLASSWRK/OtterMart/api/getSearchResults.php:0
[27-Mar-2019 20:26:52 UTC] PHP   2. getDataBaseConnection() /home/ubuntu/workspace/CST336/CLASSWRK/OtterMart/api/getSearchResults.php:4
[27-Mar-2019 20:26:52 UTC] PHP Fatal error:  Call to undefined function PDO() in /home/ubuntu/workspace/CST336/CLASSWRK/OtterMart/dbConnection.php on line 18
[27-Mar-2019 20:26:52 UTC] PHP Stack trace:
[27-Mar-2019 20:26:52 UTC] PHP   1. {main}() /home/ubuntu/workspace/CST336/CLASSWRK/OtterMart/api/getSearchResults.php:0
[27-Mar-2019 20:26:52 UTC] PHP   2. getDataBaseConnection() /home/ubuntu/workspace/CST336/CLASSWRK/OtterMart/api/getSearchResults.php:4
[27-Mar-2019 20:26:53 UTC] PHP Fatal error:  Call to undefined function PDO() in /home/ubuntu/workspace/CST336/CLASSWRK/OtterMart/dbConnection.php on line 18
[27-Mar-2019 20:26:53 UTC] PHP Stack trace:
[27-Mar-2019 20:26:53 UTC] PHP   1. {main}() /home/ubuntu/workspace/CST336/CLASSWRK/OtterMart/api/getSearchResults.php:0
[27-Mar-2019 20:26:53 UTC] PHP   2. getDataBaseConnection() /home/ubuntu/workspace/CST336/CLASSWRK/OtterMart/api/getSearchResults.php:4
[27-Mar-2019 20:26:53 UTC] PHP Fatal error:  Call to undefined function PDO() in /home/ubuntu/workspace/CST336/CLASSWRK/OtterMart/dbConnection.php on line 18
[27-Mar-2019 20:26:53 UTC] PHP Stack trace:
[27-Mar-2019 20:26:53 UTC] PHP   1. {main}() /home/ubuntu/workspace/CST336/CLASSWRK/OtterMart/api/getSearchResults.php:0
[27-Mar-2019 20:26:53 UTC] PHP   2. getDataBaseConnection() /home/ubuntu/workspace/CST336/CLASSWRK/OtterMart/api/getSearchResults.php:4
[27-Mar-2019 20:26:53 UTC] PHP Fatal error:  Call to undefined function PDO() in /home/ubuntu/workspace/CST336/CLASSWRK/OtterMart/dbConnection.php on line 18
[27-Mar-2019 20:26:53 UTC] PHP Stack trace:
[27-Mar-2019 20:26:53 UTC] PHP   1. {main}() /home/ubuntu/workspace/CST336/CLASSWRK/OtterMart/api/getSearchResults.php:0
[27-Mar-2019 20:26:53 UTC] PHP   2. getDataBaseConnection() /home/ubuntu/workspace/CST336/CLASSWRK/OtterMart/api/getSearchResults.php:4
[27-Mar-2019 20:26:53 UTC] PHP Fatal error:  Call to undefined function PDO() in /home/ubuntu/workspace/CST336/CLASSWRK/OtterMart/dbConnection.php on line 18
[27-Mar-2019 20:26:53 UTC] PHP Stack trace:
[27-Mar-2019 20:26:53 UTC] PHP   1. {main}() /home/ubuntu/workspace/CST336/CLASSWRK/OtterMart/api/getSearchResults.php:0
[27-Mar-2019 20:26:53 UTC] PHP   2. getDataBaseConnection() /home/ubuntu/workspace/CST336/CLASSWRK/OtterMart/api/getSearchResults.php:4
[27-Mar-2019 20:26:54 UTC] PHP Fatal error:  Call to undefined function PDO() in /home/ubuntu/workspace/CST336/CLASSWRK/OtterMart/dbConnection.php on line 18
[27-Mar-2019 20:26:54 UTC] PHP Stack trace:
[27-Mar-2019 20:26:54 UTC] PHP   1. {main}() /home/ubuntu/workspace/CST336/CLASSWRK/OtterMart/api/getSearchResults.php:0
[27-Mar-2019 20:26:54 UTC] PHP   2. getDataBaseConnection() /home/ubuntu/workspace/CST336/CLASSWRK/OtterMart/api/getSearchResults.php:4
[27-Mar-2019 20:26:54 UTC] PHP Fatal error:  Call to undefined function PDO() in /home/ubuntu/workspace/CST336/CLASSWRK/OtterMart/dbConnection.php on line 18
[27-Mar-2019 20:26:54 UTC] PHP Stack trace:
[27-Mar-2019 20:26:54 UTC] PHP   1. {main}() /home/ubuntu/workspace/CST336/CLASSWRK/OtterMart/api/getSearchResults.php:0
[27-Mar-2019 20:26:54 UTC] PHP   2. getDataBaseConnection() /home/ubuntu/workspace/CST336/CLASSWRK/OtterMart/api/getSearchResults.php:4
[27-Mar-2019 20:26:54 UTC] PHP Fatal error:  Call to undefined function PDO() in /home/ubuntu/workspace/CST336/CLASSWRK/OtterMart/dbConnection.php on line 18
[27-Mar-2019 20:26:54 UTC] PHP Stack trace:
[27-Mar-2019 20:26:54 UTC] PHP   1. {main}() /home/ubuntu/workspace/CST336/CLASSWRK/OtterMart/api/getSearchResults.php:0
[27-Mar-2019 20:26:54 UTC] PHP   2. getDataBaseConnection() /home/ubuntu/workspace/CST336/CLASSWRK/OtterMart/api/getSearchResults.php:4
[27-Mar-2019 20:27:02 UTC] PHP Fatal error:  Call to undefined function PDO() in /home/ubuntu/workspace/CST336/CLASSWRK/OtterMart/dbConnection.php on line 18
[27-Mar-2019 20:27:02 UTC] PHP Stack trace:
[27-Mar-2019 20:27:02 UTC] PHP   1. {main}() /home/ubuntu/workspace/CST336/CLASSWRK/OtterMart/api/getCategories.php:0
[27-Mar-2019 20:27:02 UTC] PHP   2. getDataBaseConnection() /home/ubuntu/workspace/CST336/CLASSWRK/OtterMart/api/getCategories.php:4
[27-Mar-2019 20:27:07 UTC] PHP Fatal error:  Call to undefined function PDO() in /home/ubuntu/workspace/CST336/CLASSWRK/OtterMart/dbConnection.php on line 18
[27-Mar-2019 20:27:07 UTC] PHP Stack trace:
[27-Mar-2019 20:27:07 UTC] PHP   1. {main}() /home/ubuntu/workspace/CST336/CLASSWRK/OtterMart/api/getSearchResults.php:0
[27-Mar-2019 20:27:07 UTC] PHP   2. getDataBaseConnection() /home/ubuntu/workspace/CST336/CLASSWRK/OtterMart/api/getSearchResults.php:4
[27-Mar-2019 20:27:08 UTC] PHP Fatal error:  Call to undefined function PDO() in /home/ubuntu/workspace/CST336/CLASSWRK/OtterMart/dbConnection.php on line 18
[27-Mar-2019 20:27:08 UTC] PHP Stack trace:
[27-Mar-2019 20:27:08 UTC] PHP   1. {main}() /home/ubuntu/workspace/CST336/CLASSWRK/OtterMart/api/getSearchResults.php:0
[27-Mar-2019 20:27:08 UTC] PHP   2. getDataBaseConnection() /home/ubuntu/workspace/CST336/CLASSWRK/OtterMart/api/getSearchResults.php:4
[27-Mar-2019 20:27:09 UTC] PHP Fatal error:  Call to undefined function PDO() in /home/ubuntu/workspace/CST336/CLASSWRK/OtterMart/dbConnection.php on line 18
[27-Mar-2019 20:27:09 UTC] PHP Stack trace:
[27-Mar-2019 20:27:09 UTC] PHP   1. {main}() /home/ubuntu/workspace/CST336/CLASSWRK/OtterMart/api/getSearchResults.php:0
[27-Mar-2019 20:27:09 UTC] PHP   2. getDataBaseConnection() /home/ubuntu/workspace/CST336/CLASSWRK/OtterMart/api/getSearchResults.php:4
[27-Mar-2019 20:28:26 UTC] PHP Fatal error:  Call to undefined function PDO() in /home/ubuntu/workspace/CST336/CLASSWRK/OtterMart/dbConnection.php on line 18
[27-Mar-2019 20:28:26 UTC] PHP Stack trace:
[27-Mar-2019 20:28:26 UTC] PHP   1. {main}() /home/ubuntu/workspace/CST336/CLASSWRK/OtterMart/api/getCategories.php:0
[27-Mar-2019 20:28:26 UTC] PHP   2. getDataBaseConnection() /home/ubuntu/workspace/CST336/CLASSWRK/OtterMart/api/getCategories.php:4
[27-Mar-2019 20:28:30 UTC] PHP Fatal error:  Call to undefined function PDO() in /home/ubuntu/workspace/CST336/CLASSWRK/OtterMart/dbConnection.php on line 18
[27-Mar-2019 20:28:30 UTC] PHP Stack trace:
[27-Mar-2019 20:28:30 UTC] PHP   1. {main}() /home/ubuntu/workspace/CST336/CLASSWRK/OtterMart/api/getSearchResults.php:0
[27-Mar-2019 20:28:30 UTC] PHP   2. getDataBaseConnection() /home/ubuntu/workspace/CST336/CLASSWRK/OtterMart/api/getSearchResults.php:4
[27-Mar-2019 20:28:31 UTC] PHP Fatal error:  Call to undefined function PDO() in /home/ubuntu/workspace/CST336/CLASSWRK/OtterMart/dbConnection.php on line 18
[27-Mar-2019 20:28:31 UTC] PHP Stack trace:
[27-Mar-2019 20:28:31 UTC] PHP   1. {main}() /home/ubuntu/workspace/CST336/CLASSWRK/OtterMart/api/getSearchResults.php:0
[27-Mar-2019 20:28:31 UTC] PHP   2. getDataBaseConnection() /home/ubuntu/workspace/CST336/CLASSWRK/OtterMart/api/getSearchResults.php:4
[27-Mar-2019 20:28:32 UTC] PHP Fatal error:  Call to undefined function PDO() in /home/ubuntu/workspace/CST336/CLASSWRK/OtterMart/dbConnection.php on line 18
[27-Mar-2019 20:28:32 UTC] PHP Stack trace:
[27-Mar-2019 20:28:32 UTC] PHP   1. {main}() /home/ubuntu/workspace/CST336/CLASSWRK/OtterMart/api/getSearchResults.php:0
[27-Mar-2019 20:28:32 UTC] PHP   2. getDataBaseConnection() /home/ubuntu/workspace/CST336/CLASSWRK/OtterMart/api/getSearchResults.php:4
[27-Mar-2019 20:28:32 UTC] PHP Fatal error:  Call to undefined function PDO() in /home/ubuntu/workspace/CST336/CLASSWRK/OtterMart/dbConnection.php on line 18
[27-Mar-2019 20:28:32 UTC] PHP Stack trace:
[27-Mar-2019 20:28:32 UTC] PHP   1. {main}() /home/ubuntu/workspace/CST336/CLASSWRK/OtterMart/api/getSearchResults.php:0
[27-Mar-2019 20:28:32 UTC] PHP   2. getDataBaseConnection() /home/ubuntu/workspace/CST336/CLASSWRK/OtterMart/api/getSearchResults.php:4
[27-Mar-2019 20:28:32 UTC] PHP Fatal error:  Call to undefined function PDO() in /home/ubuntu/workspace/CST336/CLASSWRK/OtterMart/dbConnection.php on line 18
[27-Mar-2019 20:28:32 UTC] PHP Stack trace:
[27-Mar-2019 20:28:32 UTC] PHP   1. {main}() /home/ubuntu/workspace/CST336/CLASSWRK/OtterMart/api/getSearchResults.php:0
[27-Mar-2019 20:28:32 UTC] PHP   2. getDataBaseConnection() /home/ubuntu/workspace/CST336/CLASSWRK/OtterMart/api/getSearchResults.php:4
[27-Mar-2019 20:28:32 UTC] PHP Fatal error:  Call to undefined function PDO() in /home/ubuntu/workspace/CST336/CLASSWRK/OtterMart/dbConnection.php on line 18
[27-Mar-2019 20:28:32 UTC] PHP Stack trace:
[27-Mar-2019 20:28:32 UTC] PHP   1. {main}() /home/ubuntu/workspace/CST336/CLASSWRK/OtterMart/api/getSearchResults.php:0
[27-Mar-2019 20:28:32 UTC] PHP   2. getDataBaseConnection() /home/ubuntu/workspace/CST336/CLASSWRK/OtterMart/api/getSearchResults.php:4
[27-Mar-2019 20:28:33 UTC] PHP Fatal error:  Call to undefined function PDO() in /home/ubuntu/workspace/CST336/CLASSWRK/OtterMart/dbConnection.php on line 18
[27-Mar-2019 20:28:33 UTC] PHP Stack trace:
[27-Mar-2019 20:28:33 UTC] PHP   1. {main}() /home/ubuntu/workspace/CST336/CLASSWRK/OtterMart/api/getSearchResults.php:0
[27-Mar-2019 20:28:33 UTC] PHP   2. getDataBaseConnection() /home/ubuntu/workspace/CST336/CLASSWRK/OtterMart/api/getSearchResults.php:4
[27-Mar-2019 20:28:33 UTC] PHP Fatal error:  Call to undefined function PDO() in /home/ubuntu/workspace/CST336/CLASSWRK/OtterMart/dbConnection.php on line 18
[27-Mar-2019 20:28:33 UTC] PHP Stack trace:
[27-Mar-2019 20:28:33 UTC] PHP   1. {main}() /home/ubuntu/workspace/CST336/CLASSWRK/OtterMart/api/getSearchResults.php:0
[27-Mar-2019 20:28:33 UTC] PHP   2. getDataBaseConnection() /home/ubuntu/workspace/CST336/CLASSWRK/OtterMart/api/getSearchResults.php:4
[27-Mar-2019 20:28:33 UTC] PHP Fatal error:  Call to undefined function PDO() in /home/ubuntu/workspace/CST336/CLASSWRK/OtterMart/dbConnection.php on line 18
[27-Mar-2019 20:28:33 UTC] PHP Stack trace:
[27-Mar-2019 20:28:33 UTC] PHP   1. {main}() /home/ubuntu/workspace/CST336/CLASSWRK/OtterMart/api/getSearchResults.php:0
[27-Mar-2019 20:28:33 UTC] PHP   2. getDataBaseConnection() /home/ubuntu/workspace/CST336/CLASSWRK/OtterMart/api/getSearchResults.php:4
[27-Mar-2019 20:28:33 UTC] PHP Fatal error:  Call to undefined function PDO() in /home/ubuntu/workspace/CST336/CLASSWRK/OtterMart/dbConnection.php on line 18
[27-Mar-2019 20:28:33 UTC] PHP Stack trace:
[27-Mar-2019 20:28:33 UTC] PHP   1. {main}() /home/ubuntu/workspace/CST336/CLASSWRK/OtterMart/api/getSearchResults.php:0
[27-Mar-2019 20:28:33 UTC] PHP   2. getDataBaseConnection() /home/ubuntu/workspace/CST336/CLASSWRK/OtterMart/api/getSearchResults.php:4
[27-Mar-2019 20:28:33 UTC] PHP Fatal error:  Call to undefined function PDO() in /home/ubuntu/workspace/CST336/CLASSWRK/OtterMart/dbConnection.php on line 18
[27-Mar-2019 20:28:33 UTC] PHP Stack trace:
[27-Mar-2019 20:28:33 UTC] PHP   1. {main}() /home/ubuntu/workspace/CST336/CLASSWRK/OtterMart/api/getSearchResults.php:0
[27-Mar-2019 20:28:33 UTC] PHP   2. getDataBaseConnection() /home/ubuntu/workspace/CST336/CLASSWRK/OtterMart/api/getSearchResults.php:4
[27-Mar-2019 20:28:34 UTC] PHP Fatal error:  Call to undefined function PDO() in /home/ubuntu/workspace/CST336/CLASSWRK/OtterMart/dbConnection.php on line 18
[27-Mar-2019 20:28:34 UTC] PHP Stack trace:
[27-Mar-2019 20:28:34 UTC] PHP   1. {main}() /home/ubuntu/workspace/CST336/CLASSWRK/OtterMart/api/getSearchResults.php:0
[27-Mar-2019 20:28:34 UTC] PHP   2. getDataBaseConnection() /home/ubuntu/workspace/CST336/CLASSWRK/OtterMart/api/getSearchResults.php:4
[27-Mar-2019 20:28:34 UTC] PHP Fatal error:  Call to undefined function PDO() in /home/ubuntu/workspace/CST336/CLASSWRK/OtterMart/dbConnection.php on line 18
[27-Mar-2019 20:28:34 UTC] PHP Stack trace:
[27-Mar-2019 20:28:34 UTC] PHP   1. {main}() /home/ubuntu/workspace/CST336/CLASSWRK/OtterMart/api/getSearchResults.php:0
[27-Mar-2019 20:28:34 UTC] PHP   2. getDataBaseConnection() /home/ubuntu/workspace/CST336/CLASSWRK/OtterMart/api/getSearchResults.php:4
[27-Mar-2019 20:28:34 UTC] PHP Fatal error:  Call to undefined function PDO() in /home/ubuntu/workspace/CST336/CLASSWRK/OtterMart/dbConnection.php on line 18
[27-Mar-2019 20:28:34 UTC] PHP Stack trace:
[27-Mar-2019 20:28:34 UTC] PHP   1. {main}() /home/ubuntu/workspace/CST336/CLASSWRK/OtterMart/api/getSearchResults.php:0
[27-Mar-2019 20:28:34 UTC] PHP   2. getDataBaseConnection() /home/ubuntu/workspace/CST336/CLASSWRK/OtterMart/api/getSearchResults.php:4
[27-Mar-2019 20:28:34 UTC] PHP Fatal error:  Call to undefined function PDO() in /home/ubuntu/workspace/CST336/CLASSWRK/OtterMart/dbConnection.php on line 18
[27-Mar-2019 20:28:34 UTC] PHP Stack trace:
[27-Mar-2019 20:28:34 UTC] PHP   1. {main}() /home/ubuntu/workspace/CST336/CLASSWRK/OtterMart/api/getSearchResults.php:0
[27-Mar-2019 20:28:34 UTC] PHP   2. getDataBaseConnection() /home/ubuntu/workspace/CST336/CLASSWRK/OtterMart/api/getSearchResults.php:4
[27-Mar-2019 20:28:34 UTC] PHP Fatal error:  Call to undefined function PDO() in /home/ubuntu/workspace/CST336/CLASSWRK/OtterMart/dbConnection.php on line 18
[27-Mar-2019 20:28:34 UTC] PHP Stack trace:
[27-Mar-2019 20:28:34 UTC] PHP   1. {main}() /home/ubuntu/workspace/CST336/CLASSWRK/OtterMart/api/getSearchResults.php:0
[27-Mar-2019 20:28:34 UTC] PHP   2. getDataBaseConnection() /home/ubuntu/workspace/CST336/CLASSWRK/OtterMart/api/getSearchResults.php:4
[27-Mar-2019 20:28:35 UTC] PHP Fatal error:  Call to undefined function PDO() in /home/ubuntu/workspace/CST336/CLASSWRK/OtterMart/dbConnection.php on line 18
[27-Mar-2019 20:28:35 UTC] PHP Stack trace:
[27-Mar-2019 20:28:35 UTC] PHP   1. {main}() /home/ubuntu/workspace/CST336/CLASSWRK/OtterMart/api/getSearchResults.php:0
[27-Mar-2019 20:28:35 UTC] PHP   2. getDataBaseConnection() /home/ubuntu/workspace/CST336/CLASSWRK/OtterMart/api/getSearchResults.php:4
[27-Mar-2019 20:28:35 UTC] PHP Fatal error:  Call to undefined function PDO() in /home/ubuntu/workspace/CST336/CLASSWRK/OtterMart/dbConnection.php on line 18
[27-Mar-2019 20:28:35 UTC] PHP Stack trace:
[27-Mar-2019 20:28:35 UTC] PHP   1. {main}() /home/ubuntu/workspace/CST336/CLASSWRK/OtterMart/api/getSearchResults.php:0
[27-Mar-2019 20:28:35 UTC] PHP   2. getDataBaseConnection() /home/ubuntu/workspace/CST336/CLASSWRK/OtterMart/api/getSearchResults.php:4
[27-Mar-2019 20:28:35 UTC] PHP Fatal error:  Call to undefined function PDO() in /home/ubuntu/workspace/CST336/CLASSWRK/OtterMart/dbConnection.php on line 18
[27-Mar-2019 20:28:35 UTC] PHP Stack trace:
[27-Mar-2019 20:28:35 UTC] PHP   1. {main}() /home/ubuntu/workspace/CST336/CLASSWRK/OtterMart/api/getSearchResults.php:0
[27-Mar-2019 20:28:35 UTC] PHP   2. getDataBaseConnection() /home/ubuntu/workspace/CST336/CLASSWRK/OtterMart/api/getSearchResults.php:4
[27-Mar-2019 20:28:35 UTC] PHP Fatal error:  Call to undefined function PDO() in /home/ubuntu/workspace/CST336/CLASSWRK/OtterMart/dbConnection.php on line 18
[27-Mar-2019 20:28:35 UTC] PHP Stack trace:
[27-Mar-2019 20:28:35 UTC] PHP   1. {main}() /home/ubuntu/workspace/CST336/CLASSWRK/OtterMart/api/getSearchResults.php:0
[27-Mar-2019 20:28:35 UTC] PHP   2. getDataBaseConnection() /home/ubuntu/workspace/CST336/CLASSWRK/OtterMart/api/getSearchResults.php:4
[27-Mar-2019 20:28:37 UTC] PHP Fatal error:  Call to undefined function PDO() in /home/ubuntu/workspace/CST336/CLASSWRK/OtterMart/dbConnection.php on line 18
[27-Mar-2019 20:28:37 UTC] PHP Stack trace:
[27-Mar-2019 20:28:37 UTC] PHP   1. {main}() /home/ubuntu/workspace/CST336/CLASSWRK/OtterMart/api/getSearchResults.php:0
[27-Mar-2019 20:28:37 UTC] PHP   2. getDataBaseConnection() /home/ubuntu/workspace/CST336/CLASSWRK/OtterMart/api/getSearchResults.php:4
[27-Mar-2019 20:28:37 UTC] PHP Fatal error:  Call to undefined function PDO() in /home/ubuntu/workspace/CST336/CLASSWRK/OtterMart/dbConnection.php on line 18
[27-Mar-2019 20:28:37 UTC] PHP Stack trace:
[27-Mar-2019 20:28:37 UTC] PHP   1. {main}() /home/ubuntu/workspace/CST336/CLASSWRK/OtterMart/api/getSearchResults.php:0
[27-Mar-2019 20:28:37 UTC] PHP   2. getDataBaseConnection() /home/ubuntu/workspace/CST336/CLASSWRK/OtterMart/api/getSearchResults.php:4
[27-Mar-2019 20:28:38 UTC] PHP Fatal error:  Call to undefined function PDO() in /home/ubuntu/workspace/CST336/CLASSWRK/OtterMart/dbConnection.php on line 18
[27-Mar-2019 20:28:38 UTC] PHP Stack trace:
[27-Mar-2019 20:28:38 UTC] PHP   1. {main}() /home/ubuntu/workspace/CST336/CLASSWRK/OtterMart/api/getSearchResults.php:0
[27-Mar-2019 20:28:38 UTC] PHP   2. getDataBaseConnection() /home/ubuntu/workspace/CST336/CLASSWRK/OtterMart/api/getSearchResults.php:4
[27-Mar-2019 20:29:02 UTC] PHP Fatal error:  Call to undefined function PDO() in /home/ubuntu/workspace/CST336/CLASSWRK/OtterMart/dbConnection.php on line 18
[27-Mar-2019 20:29:02 UTC] PHP Stack trace:
[27-Mar-2019 20:29:02 UTC] PHP   1. {main}() /home/ubuntu/workspace/CST336/CLASSWRK/OtterMart/api/getCategories.php:0
[27-Mar-2019 20:29:02 UTC] PHP   2. getDataBaseConnection() /home/ubuntu/workspace/CST336/CLASSWRK/OtterMart/api/getCategories.php:4
[27-Mar-2019 20:29:51 UTC] PHP Fatal error:  Call to undefined function PDO() in /home/ubuntu/workspace/CST336/CLASSWRK/OtterMart/dbConnection.php on line 18
[27-Mar-2019 20:29:51 UTC] PHP Stack trace:
[27-Mar-2019 20:29:51 UTC] PHP   1. {main}() /home/ubuntu/workspace/CST336/CLASSWRK/OtterMart/api/getSearchResults.php:0
[27-Mar-2019 20:29:51 UTC] PHP   2. getDataBaseConnection() /home/ubuntu/workspace/CST336/CLASSWRK/OtterMart/api/getSearchResults.php:4
[27-Mar-2019 20:29:51 UTC] PHP Fatal error:  Call to undefined function PDO() in /home/ubuntu/workspace/CST336/CLASSWRK/OtterMart/dbConnection.php on line 18
[27-Mar-2019 20:29:51 UTC] PHP Stack trace:
[27-Mar-2019 20:29:51 UTC] PHP   1. {main}() /home/ubuntu/workspace/CST336/CLASSWRK/OtterMart/api/getSearchResults.php:0
[27-Mar-2019 20:29:51 UTC] PHP   2. getDataBaseConnection() /home/ubuntu/workspace/CST336/CLASSWRK/OtterMart/api/getSearchResults.php:4
[27-Mar-2019 20:29:51 UTC] PHP Fatal error:  Call to undefined function PDO() in /home/ubuntu/workspace/CST336/CLASSWRK/OtterMart/dbConnection.php on line 18
[27-Mar-2019 20:29:51 UTC] PHP Stack trace:
[27-Mar-2019 20:29:51 UTC] PHP   1. {main}() /home/ubuntu/workspace/CST336/CLASSWRK/OtterMart/api/getSearchResults.php:0
[27-Mar-2019 20:29:51 UTC] PHP   2. getDataBaseConnection() /home/ubuntu/workspace/CST336/CLASSWRK/OtterMart/api/getSearchResults.php:4
[27-Mar-2019 20:30:55 UTC] PHP Fatal error:  Call to undefined function PDO() in /home/ubuntu/workspace/CST336/CLASSWRK/OtterMart/dbConnection.php on line 18
[27-Mar-2019 20:30:55 UTC] PHP Stack trace:
[27-Mar-2019 20:30:55 UTC] PHP   1. {main}() /home/ubuntu/workspace/CST336/CLASSWRK/OtterMart/api/getCategories.php:0
[27-Mar-2019 20:30:55 UTC] PHP   2. getDataBaseConnection() /home/ubuntu/workspace/CST336/CLASSWRK/OtterMart/api/getCategories.php:4
[27-Mar-2019 20:31:01 UTC] PHP Fatal error:  Call to undefined function PDO() in /home/ubuntu/workspace/CST336/CLASSWRK/OtterMart/dbConnection.php on line 18
[27-Mar-2019 20:31:01 UTC] PHP Stack trace:
[27-Mar-2019 20:31:01 UTC] PHP   1. {main}() /home/ubuntu/workspace/CST336/CLASSWRK/OtterMart/api/getSearchResults.php:0
[27-Mar-2019 20:31:01 UTC] PHP   2. getDataBaseConnection() /home/ubuntu/workspace/CST336/CLASSWRK/OtterMart/api/getSearchResults.php:4
[27-Mar-2019 20:31:01 UTC] PHP Fatal error:  Call to undefined function PDO() in /home/ubuntu/workspace/CST336/CLASSWRK/OtterMart/dbConnection.php on line 18
[27-Mar-2019 20:31:01 UTC] PHP Stack trace:
[27-Mar-2019 20:31:01 UTC] PHP   1. {main}() /home/ubuntu/workspace/CST336/CLASSWRK/OtterMart/api/getSearchResults.php:0
[27-Mar-2019 20:31:01 UTC] PHP   2. getDataBaseConnection() /home/ubuntu/workspace/CST336/CLASSWRK/OtterMart/api/getSearchResults.php:4
[27-Mar-2019 20:31:02 UTC] PHP Fatal error:  Call to undefined function PDO() in /home/ubuntu/workspace/CST336/CLASSWRK/OtterMart/dbConnection.php on line 18
[27-Mar-2019 20:31:02 UTC] PHP Stack trace:
[27-Mar-2019 20:31:02 UTC] PHP   1. {main}() /home/ubuntu/workspace/CST336/CLASSWRK/OtterMart/api/getSearchResults.php:0
[27-Mar-2019 20:31:02 UTC] PHP   2. getDataBaseConnection() /home/ubuntu/workspace/CST336/CLASSWRK/OtterMart/api/getSearchResults.php:4
[27-Mar-2019 20:34:21 UTC] PHP Fatal error:  Call to undefined function PDO() in /home/ubuntu/workspace/CST336/CLASSWRK/OtterMart/dbConnection.php on line 18
[27-Mar-2019 20:34:21 UTC] PHP Stack trace:
[27-Mar-2019 20:34:21 UTC] PHP   1. {main}() /home/ubuntu/workspace/CST336/CLASSWRK/OtterMart/api/getCategories.php:0
[27-Mar-2019 20:34:21 UTC] PHP   2. getDataBaseConnection() /home/ubuntu/workspace/CST336/CLASSWRK/OtterMart/api/getCategories.php:4
[27-Mar-2019 20:37:27 UTC] PHP Fatal error:  Call to undefined function PDO() in /home/ubuntu/workspace/CST336/CLASSWRK/OtterMart/dbConnection.php on line 18
[27-Mar-2019 20:37:27 UTC] PHP Stack trace:
[27-Mar-2019 20:37:27 UTC] PHP   1. {main}() /home/ubuntu/workspace/CST336/CLASSWRK/OtterMart/api/getCategories.php:0
[27-Mar-2019 20:37:27 UTC] PHP   2. getDataBaseConnection() /home/ubuntu/workspace/CST336/CLASSWRK/OtterMart/api/getCategories.php:4
[27-Mar-2019 20:37:31 UTC] PHP Fatal error:  Call to undefined function PDO() in /home/ubuntu/workspace/CST336/CLASSWRK/OtterMart/dbConnection.php on line 18
[27-Mar-2019 20:37:31 UTC] PHP Stack trace:
[27-Mar-2019 20:37:31 UTC] PHP   1. {main}() /home/ubuntu/workspace/CST336/CLASSWRK/OtterMart/api/getSearchResults.php:0
[27-Mar-2019 20:37:31 UTC] PHP   2. getDataBaseConnection() /home/ubuntu/workspace/CST336/CLASSWRK/OtterMart/api/getSearchResults.php:4
[27-Mar-2019 20:37:32 UTC] PHP Fatal error:  Call to undefined function PDO() in /home/ubuntu/workspace/CST336/CLASSWRK/OtterMart/dbConnection.php on line 18
[27-Mar-2019 20:37:32 UTC] PHP Stack trace:
[27-Mar-2019 20:37:32 UTC] PHP   1. {main}() /home/ubuntu/workspace/CST336/CLASSWRK/OtterMart/api/getSearchResults.php:0
[27-Mar-2019 20:37:32 UTC] PHP   2. getDataBaseConnection() /home/ubuntu/workspace/CST336/CLASSWRK/OtterMart/api/getSearchResults.php:4
[27-Mar-2019 20:38:31 UTC] PHP Fatal error:  Call to undefined function PDO() in /home/ubuntu/workspace/CST336/CLASSWRK/OtterMart/dbConnection.php on line 18
[27-Mar-2019 20:38:31 UTC] PHP Stack trace:
[27-Mar-2019 20:38:31 UTC] PHP   1. {main}() /home/ubuntu/workspace/CST336/CLASSWRK/OtterMart/api/getCategories.php:0
[27-Mar-2019 20:38:31 UTC] PHP   2. getDataBaseConnection() /home/ubuntu/workspace/CST336/CLASSWRK/OtterMart/api/getCategories.php:4
[27-Mar-2019 20:38:35 UTC] PHP Fatal error:  Call to undefined function PDO() in /home/ubuntu/workspace/CST336/CLASSWRK/OtterMart/dbConnection.php on line 18
[27-Mar-2019 20:38:35 UTC] PHP Stack trace:
[27-Mar-2019 20:38:35 UTC] PHP   1. {main}() /home/ubuntu/workspace/CST336/CLASSWRK/OtterMart/api/getSearchResults.php:0
[27-Mar-2019 20:38:35 UTC] PHP   2. getDataBaseConnection() /home/ubuntu/workspace/CST336/CLASSWRK/OtterMart/api/getSearchResults.php:4
[27-Mar-2019 20:38:35 UTC] PHP Fatal error:  Call to undefined function PDO() in /home/ubuntu/workspace/CST336/CLASSWRK/OtterMart/dbConnection.php on line 18
[27-Mar-2019 20:38:35 UTC] PHP Stack trace:
[27-Mar-2019 20:38:35 UTC] PHP   1. {main}() /home/ubuntu/workspace/CST336/CLASSWRK/OtterMart/api/getSearchResults.php:0
[27-Mar-2019 20:38:35 UTC] PHP   2. getDataBaseConnection() /home/ubuntu/workspace/CST336/CLASSWRK/OtterMart/api/getSearchResults.php:4
[27-Mar-2019 20:38:36 UTC] PHP Fatal error:  Call to undefined function PDO() in /home/ubuntu/workspace/CST336/CLASSWRK/OtterMart/dbConnection.php on line 18
[27-Mar-2019 20:38:36 UTC] PHP Stack trace:
[27-Mar-2019 20:38:36 UTC] PHP   1. {main}() /home/ubuntu/workspace/CST336/CLASSWRK/OtterMart/api/getSearchResults.php:0
[27-Mar-2019 20:38:36 UTC] PHP   2. getDataBaseConnection() /home/ubuntu/workspace/CST336/CLASSWRK/OtterMart/api/getSearchResults.php:4
[27-Mar-2019 20:38:36 UTC] PHP Fatal error:  Call to undefined function PDO() in /home/ubuntu/workspace/CST336/CLASSWRK/OtterMart/dbConnection.php on line 18
[27-Mar-2019 20:38:36 UTC] PHP Stack trace:
[27-Mar-2019 20:38:36 UTC] PHP   1. {main}() /home/ubuntu/workspace/CST336/CLASSWRK/OtterMart/api/getSearchResults.php:0
[27-Mar-2019 20:38:36 UTC] PHP   2. getDataBaseConnection() /home/ubuntu/workspace/CST336/CLASSWRK/OtterMart/api/getSearchResults.php:4
[27-Mar-2019 20:38:36 UTC] PHP Fatal error:  Call to undefined function PDO() in /home/ubuntu/workspace/CST336/CLASSWRK/OtterMart/dbConnection.php on line 18
[27-Mar-2019 20:38:36 UTC] PHP Stack trace:
[27-Mar-2019 20:38:36 UTC] PHP   1. {main}() /home/ubuntu/workspace/CST336/CLASSWRK/OtterMart/api/getSearchResults.php:0
[27-Mar-2019 20:38:36 UTC] PHP   2. getDataBaseConnection() /home/ubuntu/workspace/CST336/CLASSWRK/OtterMart/api/getSearchResults.php:4
[27-Mar-2019 20:38:36 UTC] PHP Fatal error:  Call to undefined function PDO() in /home/ubuntu/workspace/CST336/CLASSWRK/OtterMart/dbConnection.php on line 18
[27-Mar-2019 20:38:36 UTC] PHP Stack trace:
[27-Mar-2019 20:38:36 UTC] PHP   1. {main}() /home/ubuntu/workspace/CST336/CLASSWRK/OtterMart/api/getSearchResults.php:0
[27-Mar-2019 20:38:36 UTC] PHP   2. getDataBaseConnection() /home/ubuntu/workspace/CST336/CLASSWRK/OtterMart/api/getSearchResults.php:4
[27-Mar-2019 20:38:37 UTC] PHP Fatal error:  Call to undefined function PDO() in /home/ubuntu/workspace/CST336/CLASSWRK/OtterMart/dbConnection.php on line 18
[27-Mar-2019 20:38:37 UTC] PHP Stack trace:
[27-Mar-2019 20:38:37 UTC] PHP   1. {main}() /home/ubuntu/workspace/CST336/CLASSWRK/OtterMart/api/getSearchResults.php:0
[27-Mar-2019 20:38:37 UTC] PHP   2. getDataBaseConnection() /home/ubuntu/workspace/CST336/CLASSWRK/OtterMart/api/getSearchResults.php:4
[27-Mar-2019 20:38:37 UTC] PHP Fatal error:  Call to undefined function PDO() in /home/ubuntu/workspace/CST336/CLASSWRK/OtterMart/dbConnection.php on line 18
[27-Mar-2019 20:38:37 UTC] PHP Stack trace:
[27-Mar-2019 20:38:37 UTC] PHP   1. {main}() /home/ubuntu/workspace/CST336/CLASSWRK/OtterMart/api/getSearchResults.php:0
[27-Mar-2019 20:38:37 UTC] PHP   2. getDataBaseConnection() /home/ubuntu/workspace/CST336/CLASSWRK/OtterMart/api/getSearchResults.php:4
[27-Mar-2019 20:38:37 UTC] PHP Fatal error:  Call to undefined function PDO() in /home/ubuntu/workspace/CST336/CLASSWRK/OtterMart/dbConnection.php on line 18
[27-Mar-2019 20:38:37 UTC] PHP Stack trace:
[27-Mar-2019 20:38:37 UTC] PHP   1. {main}() /home/ubuntu/workspace/CST336/CLASSWRK/OtterMart/api/getSearchResults.php:0
[27-Mar-2019 20:38:37 UTC] PHP   2. getDataBaseConnection() /home/ubuntu/workspace/CST336/CLASSWRK/OtterMart/api/getSearchResults.php:4
[27-Mar-2019 20:38:46 UTC] PHP Fatal error:  Call to undefined function PDO() in /home/ubuntu/workspace/CST336/CLASSWRK/OtterMart/dbConnection.php on line 18
[27-Mar-2019 20:38:46 UTC] PHP Stack trace:
[27-Mar-2019 20:38:46 UTC] PHP   1. {main}() /home/ubuntu/workspace/CST336/CLASSWRK/OtterMart/api/getSearchResults.php:0
[27-Mar-2019 20:38:46 UTC] PHP   2. getDataBaseConnection() /home/ubuntu/workspace/CST336/CLASSWRK/OtterMart/api/getSearchResults.php:4
[27-Mar-2019 20:38:55 UTC] PHP Fatal error:  Call to undefined function PDO() in /home/ubuntu/workspace/CST336/CLASSWRK/OtterMart/dbConnection.php on line 18
[27-Mar-2019 20:38:55 UTC] PHP Stack trace:
[27-Mar-2019 20:38:55 UTC] PHP   1. {main}() /home/ubuntu/workspace/CST336/CLASSWRK/OtterMart/api/getSearchResults.php:0
[27-Mar-2019 20:38:55 UTC] PHP   2. getDataBaseConnection() /home/ubuntu/workspace/CST336/CLASSWRK/OtterMart/api/getSearchResults.php:4
[27-Mar-2019 20:39:23 UTC] PHP Fatal error:  Call to undefined function PDO() in /home/ubuntu/workspace/CST336/CLASSWRK/OtterMart/dbConnection.php on line 18
[27-Mar-2019 20:39:23 UTC] PHP Stack trace:
[27-Mar-2019 20:39:23 UTC] PHP   1. {main}() /home/ubuntu/workspace/CST336/CLASSWRK/OtterMart/api/getCategories.php:0
[27-Mar-2019 20:39:23 UTC] PHP   2. getDataBaseConnection() /home/ubuntu/workspace/CST336/CLASSWRK/OtterMart/api/getCategories.php:4
[27-Mar-2019 20:39:33 UTC] PHP Fatal error:  Uncaught exception 'PDOException' with message 'SQLSTATE[HY000] [1049] Unknown database 'heroku_107660fec7f6777'' in /home/ubuntu/workspace/CST336/CLASSWRK/OtterMart/dbConnection.php:18
Stack trace:
#0 /home/ubuntu/workspace/CST336/CLASSWRK/OtterMart/dbConnection.php(18): PDO->__construct('mysql:host=loca...', 'sbstnr', 'phpPass')
#1 /home/ubuntu/workspace/CST336/CLASSWRK/OtterMart/api/getSearchResults.php(4): getDataBaseConnection()
#2 {main}
  thrown in /home/ubuntu/workspace/CST336/CLASSWRK/OtterMart/dbConnection.php on line 18
[27-Mar-2019 20:39:34 UTC] PHP Fatal error:  Uncaught exception 'PDOException' with message 'SQLSTATE[HY000] [1049] Unknown database 'heroku_107660fec7f6777'' in /home/ubuntu/workspace/CST336/CLASSWRK/OtterMart/dbConnection.php:18
Stack trace:
#0 /home/ubuntu/workspace/CST336/CLASSWRK/OtterMart/dbConnection.php(18): PDO->__construct('mysql:host=loca...', 'sbstnr', 'phpPass')
#1 /home/ubuntu/workspace/CST336/CLASSWRK/OtterMart/api/getSearchResults.php(4): getDataBaseConnection()
#2 {main}
  thrown in /home/ubuntu/workspace/CST336/CLASSWRK/OtterMart/dbConnection.php on line 18
[27-Mar-2019 20:43:19 UTC] PHP Fatal error:  Uncaught exception 'PDOException' with message 'SQLSTATE[HY000] [1049] Unknown database 'heroku_107660fec7f6777'' in /home/ubuntu/workspace/CST336/CLASSWRK/OtterMart/dbConnection.php:18
Stack trace:
#0 /home/ubuntu/workspace/CST336/CLASSWRK/OtterMart/dbConnection.php(18): PDO->__construct('mysql:host=loca...', 'sbstnr', 'phpPass')
#1 /home/ubuntu/workspace/CST336/CLASSWRK/OtterMart/api/getCategories.php(4): getDataBaseConnection()
#2 {main}
  thrown in /home/ubuntu/workspace/CST336/CLASSWRK/OtterMart/dbConnection.php on line 18
[27-Mar-2019 20:43:23 UTC] PHP Fatal error:  Uncaught exception 'PDOException' with message 'SQLSTATE[HY000] [1049] Unknown database 'heroku_107660fec7f6777'' in /home/ubuntu/workspace/CST336/CLASSWRK/OtterMart/dbConnection.php:18
Stack trace:
#0 /home/ubuntu/workspace/CST336/CLASSWRK/OtterMart/dbConnection.php(18): PDO->__construct('mysql:host=loca...', 'sbstnr', 'phpPass')
#1 /home/ubuntu/workspace/CST336/CLASSWRK/OtterMart/api/getSearchResults.php(4): getDataBaseConnection()
#2 {main}
  thrown in /home/ubuntu/workspace/CST336/CLASSWRK/OtterMart/dbConnection.php on line 18
[27-Mar-2019 20:43:23 UTC] PHP Fatal error:  Uncaught exception 'PDOException' with message 'SQLSTATE[HY000] [1049] Unknown database 'heroku_107660fec7f6777'' in /home/ubuntu/workspace/CST336/CLASSWRK/OtterMart/dbConnection.php:18
Stack trace:
#0 /home/ubuntu/workspace/CST336/CLASSWRK/OtterMart/dbConnection.php(18): PDO->__construct('mysql:host=loca...', 'sbstnr', 'phpPass')
#1 /home/ubuntu/workspace/CST336/CLASSWRK/OtterMart/api/getSearchResults.php(4): getDataBaseConnection()
#2 {main}
  thrown in /home/ubuntu/workspace/CST336/CLASSWRK/OtterMart/dbConnection.php on line 18
[27-Mar-2019 20:43:23 UTC] PHP Fatal error:  Uncaught exception 'PDOException' with message 'SQLSTATE[HY000] [1049] Unknown database 'heroku_107660fec7f6777'' in /home/ubuntu/workspace/CST336/CLASSWRK/OtterMart/dbConnection.php:18
Stack trace:
#0 /home/ubuntu/workspace/CST336/CLASSWRK/OtterMart/dbConnection.php(18): PDO->__construct('mysql:host=loca...', 'sbstnr', 'phpPass')
#1 /home/ubuntu/workspace/CST336/CLASSWRK/OtterMart/api/getSearchResults.php(4): getDataBaseConnection()
#2 {main}
  thrown in /home/ubuntu/workspace/CST336/CLASSWRK/OtterMart/dbConnection.php on line 18
[27-Mar-2019 20:43:34 UTC] PHP Fatal error:  Uncaught exception 'PDOException' with message 'SQLSTATE[HY000] [1049] Unknown database 'heroku_107660fec7f6777'' in /home/ubuntu/workspace/CST336/CLASSWRK/OtterMart/dbConnection.php:18
Stack trace:
#0 /home/ubuntu/workspace/CST336/CLASSWRK/OtterMart/dbConnection.php(18): PDO->__construct('mysql:host=loca...', 'sbstnr', 'phpPass')
#1 /home/ubuntu/workspace/CST336/CLASSWRK/OtterMart/api/getSearchResults.php(4): getDataBaseConnection()
#2 {main}
  thrown in /home/ubuntu/workspace/CST336/CLASSWRK/OtterMart/dbConnection.php on line 18
[27-Mar-2019 20:44:07 UTC] PHP Fatal error:  Uncaught exception 'PDOException' with message 'SQLSTATE[HY000] [1049] Unknown database 'heroku_107660fec7f6777'' in /home/ubuntu/workspace/CST336/CLASSWRK/OtterMart/dbConnection.php:18
Stack trace:
#0 /home/ubuntu/workspace/CST336/CLASSWRK/OtterMart/dbConnection.php(18): PDO->__construct('mysql:host=loca...', 'sbstnr', 'phpPass')
#1 /home/ubuntu/workspace/CST336/CLASSWRK/OtterMart/api/getCategories.php(4): getDataBaseConnection()
#2 {main}
  thrown in /home/ubuntu/workspace/CST336/CLASSWRK/OtterMart/dbConnection.php on line 18
[27-Mar-2019 20:44:20 UTC] PHP Fatal error:  Uncaught exception 'PDOException' with message 'SQLSTATE[HY000] [1049] Unknown database 'heroku_107660fec7f6777'' in /home/ubuntu/workspace/CST336/CLASSWRK/OtterMart/dbConnection.php:18
Stack trace:
#0 /home/ubuntu/workspace/CST336/CLASSWRK/OtterMart/dbConnection.php(18): PDO->__construct('mysql:host=loca...', 'sbstnr', 'phpPass')
#1 /home/ubuntu/workspace/CST336/CLASSWRK/OtterMart/api/getSearchResults.php(4): getDataBaseConnection()
#2 {main}
  thrown in /home/ubuntu/workspace/CST336/CLASSWRK/OtterMart/dbConnection.php on line 18
[27-Mar-2019 20:44:21 UTC] PHP Fatal error:  Uncaught exception 'PDOException' with message 'SQLSTATE[HY000] [1049] Unknown database 'heroku_107660fec7f6777'' in /home/ubuntu/workspace/CST336/CLASSWRK/OtterMart/dbConnection.php:18
Stack trace:
#0 /home/ubuntu/workspace/CST336/CLASSWRK/OtterMart/dbConnection.php(18): PDO->__construct('mysql:host=loca...', 'sbstnr', 'phpPass')
#1 /home/ubuntu/workspace/CST336/CLASSWRK/OtterMart/api/getSearchResults.php(4): getDataBaseConnection()
#2 {main}
  thrown in /home/ubuntu/workspace/CST336/CLASSWRK/OtterMart/dbConnection.php on line 18
[27-Mar-2019 20:44:22 UTC] PHP Fatal error:  Uncaught exception 'PDOException' with message 'SQLSTATE[HY000] [1049] Unknown database 'heroku_107660fec7f6777'' in /home/ubuntu/workspace/CST336/CLASSWRK/OtterMart/dbConnection.php:18
Stack trace:
#0 /home/ubuntu/workspace/CST336/CLASSWRK/OtterMart/dbConnection.php(18): PDO->__construct('mysql:host=loca...', 'sbstnr', 'phpPass')
#1 /home/ubuntu/workspace/CST336/CLASSWRK/OtterMart/api/getSearchResults.php(4): getDataBaseConnection()
#2 {main}
  thrown in /home/ubuntu/workspace/CST336/CLASSWRK/OtterMart/dbConnection.php on line 18
