[12-May-2019 04:28:11 UTC] PHP Parse error:  syntax error, unexpected '=' in /home/ubuntu/workspace/CST336/Final/API/createACC.php on line 23
[12-May-2019 04:29:59 UTC] PHP Warning:  include(../dbConnection.php): failed to open stream: No such file or directory in /home/ubuntu/workspace/CST336/Final/API/createACC.php on line 4
[12-May-2019 04:29:59 UTC] PHP Stack trace:
[12-May-2019 04:29:59 UTC] PHP   1. {main}() /home/ubuntu/workspace/CST336/Final/API/createACC.php:0
[12-May-2019 04:29:59 UTC] PHP Warning:  include(): Failed opening '../dbConnection.php' for inclusion (include_path='.:/usr/share/php:/usr/share/pear') in /home/ubuntu/workspace/CST336/Final/API/createACC.php on line 4
[12-May-2019 04:29:59 UTC] PHP Stack trace:
[12-May-2019 04:29:59 UTC] PHP   1. {main}() /home/ubuntu/workspace/CST336/Final/API/createACC.php:0
[12-May-2019 04:29:59 UTC] PHP Fatal error:  Call to undefined function getDatabaseConnection() in /home/ubuntu/workspace/CST336/Final/API/createACC.php on line 5
[12-May-2019 04:29:59 UTC] PHP Stack trace:
[12-May-2019 04:29:59 UTC] PHP   1. {main}() /home/ubuntu/workspace/CST336/Final/API/createACC.php:0
[12-May-2019 04:31:33 UTC] PHP Warning:  include(dbConnection.php): failed to open stream: No such file or directory in /home/ubuntu/workspace/CST336/Final/API/createACC.php on line 4
[12-May-2019 04:31:33 UTC] PHP Stack trace:
[12-May-2019 04:31:33 UTC] PHP   1. {main}() /home/ubuntu/workspace/CST336/Final/API/createACC.php:0
[12-May-2019 04:31:33 UTC] PHP Warning:  include(): Failed opening 'dbConnection.php' for inclusion (include_path='.:/usr/share/php:/usr/share/pear') in /home/ubuntu/workspace/CST336/Final/API/createACC.php on line 4
[12-May-2019 04:31:33 UTC] PHP Stack trace:
[12-May-2019 04:31:33 UTC] PHP   1. {main}() /home/ubuntu/workspace/CST336/Final/API/createACC.php:0
[12-May-2019 04:31:33 UTC] PHP Fatal error:  Call to undefined function getDatabaseConnection() in /home/ubuntu/workspace/CST336/Final/API/createACC.php on line 5
[12-May-2019 04:31:33 UTC] PHP Stack trace:
[12-May-2019 04:31:33 UTC] PHP   1. {main}() /home/ubuntu/workspace/CST336/Final/API/createACC.php:0
[12-May-2019 04:31:38 UTC] PHP Warning:  include(dbConnection.php): failed to open stream: No such file or directory in /home/ubuntu/workspace/CST336/Final/API/createACC.php on line 4
[12-May-2019 04:31:38 UTC] PHP Stack trace:
[12-May-2019 04:31:38 UTC] PHP   1. {main}() /home/ubuntu/workspace/CST336/Final/API/createACC.php:0
[12-May-2019 04:31:38 UTC] PHP Warning:  include(): Failed opening 'dbConnection.php' for inclusion (include_path='.:/usr/share/php:/usr/share/pear') in /home/ubuntu/workspace/CST336/Final/API/createACC.php on line 4
[12-May-2019 04:31:38 UTC] PHP Stack trace:
[12-May-2019 04:31:38 UTC] PHP   1. {main}() /home/ubuntu/workspace/CST336/Final/API/createACC.php:0
[12-May-2019 04:31:38 UTC] PHP Fatal error:  Call to undefined function getDatabaseConnection() in /home/ubuntu/workspace/CST336/Final/API/createACC.php on line 5
[12-May-2019 04:31:38 UTC] PHP Stack trace:
[12-May-2019 04:31:38 UTC] PHP   1. {main}() /home/ubuntu/workspace/CST336/Final/API/createACC.php:0
[12-May-2019 04:32:40 UTC] PHP Warning:  include(dbConnection.php): failed to open stream: No such file or directory in /home/ubuntu/workspace/CST336/Final/API/createACC.php on line 4
[12-May-2019 04:32:40 UTC] PHP Stack trace:
[12-May-2019 04:32:40 UTC] PHP   1. {main}() /home/ubuntu/workspace/CST336/Final/API/createACC.php:0
[12-May-2019 04:32:40 UTC] PHP Warning:  include(): Failed opening 'dbConnection.php' for inclusion (include_path='.:/usr/share/php:/usr/share/pear') in /home/ubuntu/workspace/CST336/Final/API/createACC.php on line 4
[12-May-2019 04:32:40 UTC] PHP Stack trace:
[12-May-2019 04:32:40 UTC] PHP   1. {main}() /home/ubuntu/workspace/CST336/Final/API/createACC.php:0
[12-May-2019 04:32:40 UTC] PHP Fatal error:  Call to undefined function getDatabaseConnection() in /home/ubuntu/workspace/CST336/Final/API/createACC.php on line 5
[12-May-2019 04:32:40 UTC] PHP Stack trace:
[12-May-2019 04:32:40 UTC] PHP   1. {main}() /home/ubuntu/workspace/CST336/Final/API/createACC.php:0
[12-May-2019 04:33:05 UTC] PHP Warning:  include(dbConnection.php): failed to open stream: No such file or directory in /home/ubuntu/workspace/CST336/Final/API/createACC.php on line 4
[12-May-2019 04:33:05 UTC] PHP Stack trace:
[12-May-2019 04:33:05 UTC] PHP   1. {main}() /home/ubuntu/workspace/CST336/Final/API/createACC.php:0
[12-May-2019 04:33:05 UTC] PHP Warning:  include(): Failed opening 'dbConnection.php' for inclusion (include_path='.:/usr/share/php:/usr/share/pear') in /home/ubuntu/workspace/CST336/Final/API/createACC.php on line 4
[12-May-2019 04:33:05 UTC] PHP Stack trace:
[12-May-2019 04:33:05 UTC] PHP   1. {main}() /home/ubuntu/workspace/CST336/Final/API/createACC.php:0
[12-May-2019 04:33:05 UTC] PHP Fatal error:  Call to undefined function getDatabaseConnection() in /home/ubuntu/workspace/CST336/Final/API/createACC.php on line 5
[12-May-2019 04:33:05 UTC] PHP Stack trace:
[12-May-2019 04:33:05 UTC] PHP   1. {main}() /home/ubuntu/workspace/CST336/Final/API/createACC.php:0
[12-May-2019 04:33:08 UTC] PHP Warning:  include(dbConnection.php): failed to open stream: No such file or directory in /home/ubuntu/workspace/CST336/Final/API/createACC.php on line 4
[12-May-2019 04:33:08 UTC] PHP Stack trace:
[12-May-2019 04:33:08 UTC] PHP   1. {main}() /home/ubuntu/workspace/CST336/Final/API/createACC.php:0
[12-May-2019 04:33:08 UTC] PHP Warning:  include(): Failed opening 'dbConnection.php' for inclusion (include_path='.:/usr/share/php:/usr/share/pear') in /home/ubuntu/workspace/CST336/Final/API/createACC.php on line 4
[12-May-2019 04:33:08 UTC] PHP Stack trace:
[12-May-2019 04:33:08 UTC] PHP   1. {main}() /home/ubuntu/workspace/CST336/Final/API/createACC.php:0
[12-May-2019 04:33:08 UTC] PHP Fatal error:  Call to undefined function getDatabaseConnection() in /home/ubuntu/workspace/CST336/Final/API/createACC.php on line 5
[12-May-2019 04:33:08 UTC] PHP Stack trace:
[12-May-2019 04:33:08 UTC] PHP   1. {main}() /home/ubuntu/workspace/CST336/Final/API/createACC.php:0
[12-May-2019 04:34:23 UTC] PHP Warning:  include(dbConnection.php): failed to open stream: No such file or directory in /home/ubuntu/workspace/CST336/Final/API/createACC.php on line 4
[12-May-2019 04:34:23 UTC] PHP Stack trace:
[12-May-2019 04:34:23 UTC] PHP   1. {main}() /home/ubuntu/workspace/CST336/Final/API/createACC.php:0
[12-May-2019 04:34:23 UTC] PHP Warning:  include(): Failed opening 'dbConnection.php' for inclusion (include_path='.:/usr/share/php:/usr/share/pear') in /home/ubuntu/workspace/CST336/Final/API/createACC.php on line 4
[12-May-2019 04:34:23 UTC] PHP Stack trace:
[12-May-2019 04:34:23 UTC] PHP   1. {main}() /home/ubuntu/workspace/CST336/Final/API/createACC.php:0
[12-May-2019 04:34:23 UTC] PHP Fatal error:  Call to undefined function getDatabaseConnection() in /home/ubuntu/workspace/CST336/Final/API/createACC.php on line 5
[12-May-2019 04:34:23 UTC] PHP Stack trace:
[12-May-2019 04:34:23 UTC] PHP   1. {main}() /home/ubuntu/workspace/CST336/Final/API/createACC.php:0
[12-May-2019 04:37:12 UTC] PHP Warning:  include(dbConnection.php): failed to open stream: No such file or directory in /home/ubuntu/workspace/CST336/Final/API/createACC.php on line 4
[12-May-2019 04:37:12 UTC] PHP Stack trace:
[12-May-2019 04:37:12 UTC] PHP   1. {main}() /home/ubuntu/workspace/CST336/Final/API/createACC.php:0
[12-May-2019 04:37:12 UTC] PHP Warning:  include(): Failed opening 'dbConnection.php' for inclusion (include_path='.:/usr/share/php:/usr/share/pear') in /home/ubuntu/workspace/CST336/Final/API/createACC.php on line 4
[12-May-2019 04:37:12 UTC] PHP Stack trace:
[12-May-2019 04:37:12 UTC] PHP   1. {main}() /home/ubuntu/workspace/CST336/Final/API/createACC.php:0
[12-May-2019 04:37:12 UTC] PHP Fatal error:  Call to undefined function getDatabaseConnection() in /home/ubuntu/workspace/CST336/Final/API/createACC.php on line 5
[12-May-2019 04:37:12 UTC] PHP Stack trace:
[12-May-2019 04:37:12 UTC] PHP   1. {main}() /home/ubuntu/workspace/CST336/Final/API/createACC.php:0
[12-May-2019 04:37:14 UTC] PHP Warning:  include(dbConnection.php): failed to open stream: No such file or directory in /home/ubuntu/workspace/CST336/Final/API/createACC.php on line 4
[12-May-2019 04:37:14 UTC] PHP Stack trace:
[12-May-2019 04:37:14 UTC] PHP   1. {main}() /home/ubuntu/workspace/CST336/Final/API/createACC.php:0
[12-May-2019 04:37:14 UTC] PHP Warning:  include(): Failed opening 'dbConnection.php' for inclusion (include_path='.:/usr/share/php:/usr/share/pear') in /home/ubuntu/workspace/CST336/Final/API/createACC.php on line 4
[12-May-2019 04:37:14 UTC] PHP Stack trace:
[12-May-2019 04:37:14 UTC] PHP   1. {main}() /home/ubuntu/workspace/CST336/Final/API/createACC.php:0
[12-May-2019 04:37:14 UTC] PHP Fatal error:  Call to undefined function getDatabaseConnection() in /home/ubuntu/workspace/CST336/Final/API/createACC.php on line 5
[12-May-2019 04:37:14 UTC] PHP Stack trace:
[12-May-2019 04:37:14 UTC] PHP   1. {main}() /home/ubuntu/workspace/CST336/Final/API/createACC.php:0
[12-May-2019 04:38:42 UTC] PHP Warning:  include(dbConnection.php): failed to open stream: No such file or directory in /home/ubuntu/workspace/CST336/Final/API/createACC.php on line 4
[12-May-2019 04:38:42 UTC] PHP Stack trace:
[12-May-2019 04:38:42 UTC] PHP   1. {main}() /home/ubuntu/workspace/CST336/Final/API/createACC.php:0
[12-May-2019 04:38:42 UTC] PHP Warning:  include(): Failed opening 'dbConnection.php' for inclusion (include_path='.:/usr/share/php:/usr/share/pear') in /home/ubuntu/workspace/CST336/Final/API/createACC.php on line 4
[12-May-2019 04:38:42 UTC] PHP Stack trace:
[12-May-2019 04:38:42 UTC] PHP   1. {main}() /home/ubuntu/workspace/CST336/Final/API/createACC.php:0
[12-May-2019 04:38:42 UTC] PHP Fatal error:  Call to undefined function getDatabaseConnection() in /home/ubuntu/workspace/CST336/Final/API/createACC.php on line 5
[12-May-2019 04:38:42 UTC] PHP Stack trace:
[12-May-2019 04:38:42 UTC] PHP   1. {main}() /home/ubuntu/workspace/CST336/Final/API/createACC.php:0
[12-May-2019 04:40:45 UTC] PHP Warning:  include(dbConnection.php): failed to open stream: No such file or directory in /home/ubuntu/workspace/CST336/Final/API/createACC.php on line 4
[12-May-2019 04:40:45 UTC] PHP Stack trace:
[12-May-2019 04:40:45 UTC] PHP   1. {main}() /home/ubuntu/workspace/CST336/Final/API/createACC.php:0
[12-May-2019 04:40:45 UTC] PHP Warning:  include(): Failed opening 'dbConnection.php' for inclusion (include_path='.:/usr/share/php:/usr/share/pear') in /home/ubuntu/workspace/CST336/Final/API/createACC.php on line 4
[12-May-2019 04:40:45 UTC] PHP Stack trace:
[12-May-2019 04:40:45 UTC] PHP   1. {main}() /home/ubuntu/workspace/CST336/Final/API/createACC.php:0
[12-May-2019 04:40:45 UTC] PHP Fatal error:  Call to undefined function getDatabaseConnection() in /home/ubuntu/workspace/CST336/Final/API/createACC.php on line 5
[12-May-2019 04:40:45 UTC] PHP Stack trace:
[12-May-2019 04:40:45 UTC] PHP   1. {main}() /home/ubuntu/workspace/CST336/Final/API/createACC.php:0
[12-May-2019 04:49:05 UTC] PHP Fatal error:  Uncaught exception 'PDOException' with message 'SQLSTATE[HY093]: Invalid parameter number: number of bound variables does not match number of tokens' in /home/ubuntu/workspace/CST336/Final/API/createACC.php:25
Stack trace:
#0 /home/ubuntu/workspace/CST336/Final/API/createACC.php(25): PDOStatement->execute(Array)
#1 {main}
  thrown in /home/ubuntu/workspace/CST336/Final/API/createACC.php on line 25
[13-May-2019 05:01:27 UTC] PHP Fatal error:  Uncaught exception 'PDOException' with message 'SQLSTATE[23000]: Integrity constraint violation: 1048 Column 'date' cannot be null' in /home/ubuntu/workspace/CST336/Final/API/addSlot.php:18
Stack trace:
#0 /home/ubuntu/workspace/CST336/Final/API/addSlot.php(18): PDOStatement->execute(Array)
#1 {main}
  thrown in /home/ubuntu/workspace/CST336/Final/API/addSlot.php on line 18
[13-May-2019 06:07:10 UTC] PHP Fatal error:  Uncaught exception 'PDOException' with message 'SQLSTATE[HY093]: Invalid parameter number: number of bound variables does not match number of tokens' in /home/ubuntu/workspace/CST336/Final/API/addSlot.php:18
Stack trace:
#0 /home/ubuntu/workspace/CST336/Final/API/addSlot.php(18): PDOStatement->execute(Array)
#1 {main}
  thrown in /home/ubuntu/workspace/CST336/Final/API/addSlot.php on line 18
[13-May-2019 23:12:15 UTC] PHP Fatal error:  Uncaught exception 'PDOException' with message 'SQLSTATE[23000]: Integrity constraint violation: 1048 Column 'date' cannot be null' in /home/ubuntu/workspace/CST336/Final/API/addSlot.php:18
Stack trace:
#0 /home/ubuntu/workspace/CST336/Final/API/addSlot.php(18): PDOStatement->execute(Array)
#1 {main}
  thrown in /home/ubuntu/workspace/CST336/Final/API/addSlot.php on line 18
